[DEBUG] 2021-02-28 15:06:48.827 [http-nio-8080-exec-3] IntegratorServiceImpl - Adding Integrator [org.hibernate.cfg.beanvalidation.BeanValidationIntegrator].
[DEBUG] 2021-02-28 15:06:48.852 [http-nio-8080-exec-3] IntegratorServiceImpl - Adding Integrator [org.hibernate.secure.spi.JaccIntegrator].
[DEBUG] 2021-02-28 15:06:48.865 [http-nio-8080-exec-3] IntegratorServiceImpl - Adding Integrator [org.hibernate.cache.internal.CollectionCacheInvalidator].
[INFO ] 2021-02-28 15:06:49.203 [http-nio-8080-exec-3] Version - HHH000412: Hibernate Core {5.4.4.Final}
[DEBUG] 2021-02-28 15:06:49.210 [http-nio-8080-exec-3] Environment - HHH000206: hibernate.properties not found
[DEBUG] 2021-02-28 15:06:49.730 [http-nio-8080-exec-3] LocalXmlResourceResolver - Interpreting public/system identifier : [-//Hibernate/Hibernate Configuration DTD//EN] - [http://www.hibernate.org/dtd/hibernate-configuration-3.0.dtd]
[DEBUG] 2021-02-28 15:06:49.731 [http-nio-8080-exec-3] LocalXmlResourceResolver - Recognized hibernate-configuration identifier; attempting to resolve on classpath under org/hibernate/
[DEBUG] 2021-02-28 15:06:49.792 [http-nio-8080-exec-3] JaxbCfgProcessor - cfg.xml document did not define namespaces; wrapping in custom event reader to introduce namespace information
[DEBUG] 2021-02-28 15:06:50.859 [http-nio-8080-exec-3] ServiceBinding - Overriding existing service binding [org.hibernate.secure.spi.JaccService]
[DEBUG] 2021-02-28 15:06:50.946 [http-nio-8080-exec-3] RegionFactoryInitiator - Cannot default RegionFactory based on registered strategies as `[]` RegionFactory strategies were registered
[DEBUG] 2021-02-28 15:06:50.957 [http-nio-8080-exec-3] RegionFactoryInitiator - Cache region factory : org.hibernate.cache.internal.NoCachingRegionFactory
[INFO ] 2021-02-28 15:06:51.005 [http-nio-8080-exec-3] Version - HCANN000001: Hibernate Commons Annotations {5.1.0.Final}
[DEBUG] 2021-02-28 15:06:51.064 [http-nio-8080-exec-3] BasicTypeRegistry - Adding type registration boolean -> org.hibernate.type.BooleanType@3e6dc4c
[DEBUG] 2021-02-28 15:06:51.064 [http-nio-8080-exec-3] BasicTypeRegistry - Adding type registration boolean -> org.hibernate.type.BooleanType@3e6dc4c
[DEBUG] 2021-02-28 15:06:51.065 [http-nio-8080-exec-3] BasicTypeRegistry - Adding type registration java.lang.Boolean -> org.hibernate.type.BooleanType@3e6dc4c
[DEBUG] 2021-02-28 15:06:51.066 [http-nio-8080-exec-3] BasicTypeRegistry - Adding type registration numeric_boolean -> org.hibernate.type.NumericBooleanType@6cc2a720
[DEBUG] 2021-02-28 15:06:51.067 [http-nio-8080-exec-3] BasicTypeRegistry - Adding type registration true_false -> org.hibernate.type.TrueFalseType@67e999b8
[DEBUG] 2021-02-28 15:06:51.067 [http-nio-8080-exec-3] BasicTypeRegistry - Adding type registration yes_no -> org.hibernate.type.YesNoType@3157ce96
[DEBUG] 2021-02-28 15:06:51.068 [http-nio-8080-exec-3] BasicTypeRegistry - Adding type registration byte -> org.hibernate.type.ByteType@641a654
[DEBUG] 2021-02-28 15:06:51.069 [http-nio-8080-exec-3] BasicTypeRegistry - Adding type registration byte -> org.hibernate.type.ByteType@641a654
[DEBUG] 2021-02-28 15:06:51.069 [http-nio-8080-exec-3] BasicTypeRegistry - Adding type registration java.lang.Byte -> org.hibernate.type.ByteType@641a654
[DEBUG] 2021-02-28 15:06:51.077 [http-nio-8080-exec-3] BasicTypeRegistry - Adding type registration character -> org.hibernate.type.CharacterType@73e3a60f
[DEBUG] 2021-02-28 15:06:51.078 [http-nio-8080-exec-3] BasicTypeRegistry - Adding type registration char -> org.hibernate.type.CharacterType@73e3a60f
[DEBUG] 2021-02-28 15:06:51.078 [http-nio-8080-exec-3] BasicTypeRegistry - Adding type registration java.lang.Character -> org.hibernate.type.CharacterType@73e3a60f
[DEBUG] 2021-02-28 15:06:51.081 [http-nio-8080-exec-3] BasicTypeRegistry - Adding type registration short -> org.hibernate.type.ShortType@4e1bbe93
[DEBUG] 2021-02-28 15:06:51.082 [http-nio-8080-exec-3] BasicTypeRegistry - Adding type registration short -> org.hibernate.type.ShortType@4e1bbe93
[DEBUG] 2021-02-28 15:06:51.083 [http-nio-8080-exec-3] BasicTypeRegistry - Adding type registration java.lang.Short -> org.hibernate.type.ShortType@4e1bbe93
[DEBUG] 2021-02-28 15:06:51.084 [http-nio-8080-exec-3] BasicTypeRegistry - Adding type registration integer -> org.hibernate.type.IntegerType@6d02febe
[DEBUG] 2021-02-28 15:06:51.084 [http-nio-8080-exec-3] BasicTypeRegistry - Adding type registration int -> org.hibernate.type.IntegerType@6d02febe
[DEBUG] 2021-02-28 15:06:51.084 [http-nio-8080-exec-3] BasicTypeRegistry - Adding type registration java.lang.Integer -> org.hibernate.type.IntegerType@6d02febe
[DEBUG] 2021-02-28 15:06:51.085 [http-nio-8080-exec-3] BasicTypeRegistry - Adding type registration long -> org.hibernate.type.LongType@22aec8ae
[DEBUG] 2021-02-28 15:06:51.085 [http-nio-8080-exec-3] BasicTypeRegistry - Adding type registration long -> org.hibernate.type.LongType@22aec8ae
[DEBUG] 2021-02-28 15:06:51.085 [http-nio-8080-exec-3] BasicTypeRegistry - Adding type registration java.lang.Long -> org.hibernate.type.LongType@22aec8ae
[DEBUG] 2021-02-28 15:06:51.086 [http-nio-8080-exec-3] BasicTypeRegistry - Adding type registration float -> org.hibernate.type.FloatType@7c2ba3a9
[DEBUG] 2021-02-28 15:06:51.086 [http-nio-8080-exec-3] BasicTypeRegistry - Adding type registration float -> org.hibernate.type.FloatType@7c2ba3a9
[DEBUG] 2021-02-28 15:06:51.086 [http-nio-8080-exec-3] BasicTypeRegistry - Adding type registration java.lang.Float -> org.hibernate.type.FloatType@7c2ba3a9
[DEBUG] 2021-02-28 15:06:51.094 [http-nio-8080-exec-3] BasicTypeRegistry - Adding type registration double -> org.hibernate.type.DoubleType@32c6e84
[DEBUG] 2021-02-28 15:06:51.094 [http-nio-8080-exec-3] BasicTypeRegistry - Adding type registration double -> org.hibernate.type.DoubleType@32c6e84
[DEBUG] 2021-02-28 15:06:51.099 [http-nio-8080-exec-3] BasicTypeRegistry - Adding type registration java.lang.Double -> org.hibernate.type.DoubleType@32c6e84
[DEBUG] 2021-02-28 15:06:51.100 [http-nio-8080-exec-3] BasicTypeRegistry - Adding type registration big_decimal -> org.hibernate.type.BigDecimalType@323c62a3
[DEBUG] 2021-02-28 15:06:51.101 [http-nio-8080-exec-3] BasicTypeRegistry - Adding type registration java.math.BigDecimal -> org.hibernate.type.BigDecimalType@323c62a3
[DEBUG] 2021-02-28 15:06:51.102 [http-nio-8080-exec-3] BasicTypeRegistry - Adding type registration big_integer -> org.hibernate.type.BigIntegerType@bb0286d
[DEBUG] 2021-02-28 15:06:51.103 [http-nio-8080-exec-3] BasicTypeRegistry - Adding type registration java.math.BigInteger -> org.hibernate.type.BigIntegerType@bb0286d
[DEBUG] 2021-02-28 15:06:51.104 [http-nio-8080-exec-3] BasicTypeRegistry - Adding type registration string -> org.hibernate.type.StringType@394c28ee
[DEBUG] 2021-02-28 15:06:51.104 [http-nio-8080-exec-3] BasicTypeRegistry - Adding type registration java.lang.String -> org.hibernate.type.StringType@394c28ee
[DEBUG] 2021-02-28 15:06:51.104 [http-nio-8080-exec-3] BasicTypeRegistry - Adding type registration nstring -> org.hibernate.type.StringNVarcharType@4078d23e
[DEBUG] 2021-02-28 15:06:51.105 [http-nio-8080-exec-3] BasicTypeRegistry - Adding type registration ncharacter -> org.hibernate.type.CharacterNCharType@3e876b12
[DEBUG] 2021-02-28 15:06:51.106 [http-nio-8080-exec-3] BasicTypeRegistry - Adding type registration url -> org.hibernate.type.UrlType@4d5eeb49
[DEBUG] 2021-02-28 15:06:51.114 [http-nio-8080-exec-3] BasicTypeRegistry - Adding type registration java.net.URL -> org.hibernate.type.UrlType@4d5eeb49
[DEBUG] 2021-02-28 15:06:51.116 [http-nio-8080-exec-3] BasicTypeRegistry - Adding type registration Duration -> org.hibernate.type.DurationType@3e9626a2
[DEBUG] 2021-02-28 15:06:51.121 [http-nio-8080-exec-3] BasicTypeRegistry - Adding type registration java.time.Duration -> org.hibernate.type.DurationType@3e9626a2
[DEBUG] 2021-02-28 15:06:51.126 [http-nio-8080-exec-3] BasicTypeRegistry - Adding type registration Instant -> org.hibernate.type.InstantType@180c947d
[DEBUG] 2021-02-28 15:06:51.128 [http-nio-8080-exec-3] BasicTypeRegistry - Adding type registration java.time.Instant -> org.hibernate.type.InstantType@180c947d
[DEBUG] 2021-02-28 15:06:51.130 [http-nio-8080-exec-3] BasicTypeRegistry - Adding type registration LocalDateTime -> org.hibernate.type.LocalDateTimeType@5f8282e1
[DEBUG] 2021-02-28 15:06:51.130 [http-nio-8080-exec-3] BasicTypeRegistry - Adding type registration java.time.LocalDateTime -> org.hibernate.type.LocalDateTimeType@5f8282e1
[DEBUG] 2021-02-28 15:06:51.136 [http-nio-8080-exec-3] BasicTypeRegistry - Adding type registration LocalDate -> org.hibernate.type.LocalDateType@facfd59
[DEBUG] 2021-02-28 15:06:51.141 [http-nio-8080-exec-3] BasicTypeRegistry - Adding type registration java.time.LocalDate -> org.hibernate.type.LocalDateType@facfd59
[DEBUG] 2021-02-28 15:06:51.149 [http-nio-8080-exec-3] BasicTypeRegistry - Adding type registration LocalTime -> org.hibernate.type.LocalTimeType@1a656428
[DEBUG] 2021-02-28 15:06:51.149 [http-nio-8080-exec-3] BasicTypeRegistry - Adding type registration java.time.LocalTime -> org.hibernate.type.LocalTimeType@1a656428
[DEBUG] 2021-02-28 15:06:51.153 [http-nio-8080-exec-3] BasicTypeRegistry - Adding type registration OffsetDateTime -> org.hibernate.type.OffsetDateTimeType@49ed6b76
[DEBUG] 2021-02-28 15:06:51.155 [http-nio-8080-exec-3] BasicTypeRegistry - Adding type registration java.time.OffsetDateTime -> org.hibernate.type.OffsetDateTimeType@49ed6b76
[DEBUG] 2021-02-28 15:06:51.158 [http-nio-8080-exec-3] BasicTypeRegistry - Adding type registration OffsetTime -> org.hibernate.type.OffsetTimeType@3da0afc1
[DEBUG] 2021-02-28 15:06:51.158 [http-nio-8080-exec-3] BasicTypeRegistry - Adding type registration java.time.OffsetTime -> org.hibernate.type.OffsetTimeType@3da0afc1
[DEBUG] 2021-02-28 15:06:51.161 [http-nio-8080-exec-3] BasicTypeRegistry - Adding type registration ZonedDateTime -> org.hibernate.type.ZonedDateTimeType@3809c30
[DEBUG] 2021-02-28 15:06:51.163 [http-nio-8080-exec-3] BasicTypeRegistry - Adding type registration java.time.ZonedDateTime -> org.hibernate.type.ZonedDateTimeType@3809c30
[DEBUG] 2021-02-28 15:06:51.174 [http-nio-8080-exec-3] BasicTypeRegistry - Adding type registration date -> org.hibernate.type.DateType@6b6d57d4
[DEBUG] 2021-02-28 15:06:51.174 [http-nio-8080-exec-3] BasicTypeRegistry - Adding type registration java.sql.Date -> org.hibernate.type.DateType@6b6d57d4
[DEBUG] 2021-02-28 15:06:51.175 [http-nio-8080-exec-3] BasicTypeRegistry - Adding type registration time -> org.hibernate.type.TimeType@7a401dbd
[DEBUG] 2021-02-28 15:06:51.176 [http-nio-8080-exec-3] BasicTypeRegistry - Adding type registration java.sql.Time -> org.hibernate.type.TimeType@7a401dbd
[DEBUG] 2021-02-28 15:06:51.181 [http-nio-8080-exec-3] BasicTypeRegistry - Adding type registration timestamp -> org.hibernate.type.TimestampType@515713d4
[DEBUG] 2021-02-28 15:06:51.182 [http-nio-8080-exec-3] BasicTypeRegistry - Adding type registration java.sql.Timestamp -> org.hibernate.type.TimestampType@515713d4
[DEBUG] 2021-02-28 15:06:51.182 [http-nio-8080-exec-3] BasicTypeRegistry - Adding type registration java.util.Date -> org.hibernate.type.TimestampType@515713d4
[DEBUG] 2021-02-28 15:06:51.188 [http-nio-8080-exec-3] BasicTypeRegistry - Adding type registration dbtimestamp -> org.hibernate.type.DbTimestampType@1f652c2f
[DEBUG] 2021-02-28 15:06:51.189 [http-nio-8080-exec-3] BasicTypeRegistry - Adding type registration calendar -> org.hibernate.type.CalendarType@bdad2f
[DEBUG] 2021-02-28 15:06:51.190 [http-nio-8080-exec-3] BasicTypeRegistry - Adding type registration java.util.Calendar -> org.hibernate.type.CalendarType@bdad2f
[DEBUG] 2021-02-28 15:06:51.190 [http-nio-8080-exec-3] BasicTypeRegistry - Adding type registration java.util.GregorianCalendar -> org.hibernate.type.CalendarType@bdad2f
[DEBUG] 2021-02-28 15:06:51.194 [http-nio-8080-exec-3] BasicTypeRegistry - Adding type registration calendar_date -> org.hibernate.type.CalendarDateType@73c2d31d
[DEBUG] 2021-02-28 15:06:51.195 [http-nio-8080-exec-3] BasicTypeRegistry - Adding type registration locale -> org.hibernate.type.LocaleType@3888287c
[DEBUG] 2021-02-28 15:06:51.195 [http-nio-8080-exec-3] BasicTypeRegistry - Adding type registration java.util.Locale -> org.hibernate.type.LocaleType@3888287c
[DEBUG] 2021-02-28 15:06:51.198 [http-nio-8080-exec-3] BasicTypeRegistry - Adding type registration currency -> org.hibernate.type.CurrencyType@5943f9e6
[DEBUG] 2021-02-28 15:06:51.198 [http-nio-8080-exec-3] BasicTypeRegistry - Adding type registration java.util.Currency -> org.hibernate.type.CurrencyType@5943f9e6
[DEBUG] 2021-02-28 15:06:51.207 [http-nio-8080-exec-3] BasicTypeRegistry - Adding type registration timezone -> org.hibernate.type.TimeZoneType@70b0e4ec
[DEBUG] 2021-02-28 15:06:51.207 [http-nio-8080-exec-3] BasicTypeRegistry - Adding type registration java.util.TimeZone -> org.hibernate.type.TimeZoneType@70b0e4ec
[DEBUG] 2021-02-28 15:06:51.209 [http-nio-8080-exec-3] BasicTypeRegistry - Adding type registration class -> org.hibernate.type.ClassType@75e01187
[DEBUG] 2021-02-28 15:06:51.209 [http-nio-8080-exec-3] BasicTypeRegistry - Adding type registration java.lang.Class -> org.hibernate.type.ClassType@75e01187
[DEBUG] 2021-02-28 15:06:51.212 [http-nio-8080-exec-3] BasicTypeRegistry - Adding type registration uuid-binary -> org.hibernate.type.UUIDBinaryType@61afaa28
[DEBUG] 2021-02-28 15:06:51.212 [http-nio-8080-exec-3] BasicTypeRegistry - Adding type registration java.util.UUID -> org.hibernate.type.UUIDBinaryType@61afaa28
[DEBUG] 2021-02-28 15:06:51.215 [http-nio-8080-exec-3] BasicTypeRegistry - Adding type registration uuid-char -> org.hibernate.type.UUIDCharType@4e0c23f1
[DEBUG] 2021-02-28 15:06:51.218 [http-nio-8080-exec-3] BasicTypeRegistry - Adding type registration binary -> org.hibernate.type.BinaryType@4f18b607
[DEBUG] 2021-02-28 15:06:51.218 [http-nio-8080-exec-3] BasicTypeRegistry - Adding type registration byte[] -> org.hibernate.type.BinaryType@4f18b607
[DEBUG] 2021-02-28 15:06:51.218 [http-nio-8080-exec-3] BasicTypeRegistry - Adding type registration [B -> org.hibernate.type.BinaryType@4f18b607
[DEBUG] 2021-02-28 15:06:51.221 [http-nio-8080-exec-3] BasicTypeRegistry - Adding type registration wrapper-binary -> org.hibernate.type.WrapperBinaryType@6e5f84c2
[DEBUG] 2021-02-28 15:06:51.221 [http-nio-8080-exec-3] BasicTypeRegistry - Adding type registration Byte[] -> org.hibernate.type.WrapperBinaryType@6e5f84c2
[DEBUG] 2021-02-28 15:06:51.221 [http-nio-8080-exec-3] BasicTypeRegistry - Adding type registration [Ljava.lang.Byte; -> org.hibernate.type.WrapperBinaryType@6e5f84c2
[DEBUG] 2021-02-28 15:06:51.222 [http-nio-8080-exec-3] BasicTypeRegistry - Adding type registration row_version -> org.hibernate.type.RowVersionType@412a13be
[DEBUG] 2021-02-28 15:06:51.222 [http-nio-8080-exec-3] BasicTypeRegistry - Adding type registration image -> org.hibernate.type.ImageType@7fd86493
[DEBUG] 2021-02-28 15:06:51.228 [http-nio-8080-exec-3] BasicTypeRegistry - Adding type registration characters -> org.hibernate.type.CharArrayType@413a5436
[DEBUG] 2021-02-28 15:06:51.228 [http-nio-8080-exec-3] BasicTypeRegistry - Adding type registration char[] -> org.hibernate.type.CharArrayType@413a5436
[DEBUG] 2021-02-28 15:06:51.228 [http-nio-8080-exec-3] BasicTypeRegistry - Adding type registration [C -> org.hibernate.type.CharArrayType@413a5436
[DEBUG] 2021-02-28 15:06:51.242 [http-nio-8080-exec-3] BasicTypeRegistry - Adding type registration wrapper-characters -> org.hibernate.type.CharacterArrayType@72f57cb6
[DEBUG] 2021-02-28 15:06:51.243 [http-nio-8080-exec-3] BasicTypeRegistry - Adding type registration [Ljava.lang.Character; -> org.hibernate.type.CharacterArrayType@72f57cb6
[DEBUG] 2021-02-28 15:06:51.243 [http-nio-8080-exec-3] BasicTypeRegistry - Adding type registration Character[] -> org.hibernate.type.CharacterArrayType@72f57cb6
[DEBUG] 2021-02-28 15:06:51.243 [http-nio-8080-exec-3] BasicTypeRegistry - Adding type registration text -> org.hibernate.type.TextType@3afa9ace
[DEBUG] 2021-02-28 15:06:51.244 [http-nio-8080-exec-3] BasicTypeRegistry - Adding type registration ntext -> org.hibernate.type.NTextType@27e23e0b
[DEBUG] 2021-02-28 15:06:51.246 [http-nio-8080-exec-3] BasicTypeRegistry - Adding type registration blob -> org.hibernate.type.BlobType@7b116b52
[DEBUG] 2021-02-28 15:06:51.246 [http-nio-8080-exec-3] BasicTypeRegistry - Adding type registration java.sql.Blob -> org.hibernate.type.BlobType@7b116b52
[DEBUG] 2021-02-28 15:06:51.247 [http-nio-8080-exec-3] BasicTypeRegistry - Adding type registration materialized_blob -> org.hibernate.type.MaterializedBlobType@ab21e2f
[DEBUG] 2021-02-28 15:06:51.248 [http-nio-8080-exec-3] BasicTypeRegistry - Adding type registration clob -> org.hibernate.type.ClobType@357ee713
[DEBUG] 2021-02-28 15:06:51.248 [http-nio-8080-exec-3] BasicTypeRegistry - Adding type registration java.sql.Clob -> org.hibernate.type.ClobType@357ee713
[DEBUG] 2021-02-28 15:06:51.249 [http-nio-8080-exec-3] BasicTypeRegistry - Adding type registration nclob -> org.hibernate.type.NClobType@143ca10e
[DEBUG] 2021-02-28 15:06:51.250 [http-nio-8080-exec-3] BasicTypeRegistry - Adding type registration java.sql.NClob -> org.hibernate.type.NClobType@143ca10e
[DEBUG] 2021-02-28 15:06:51.250 [http-nio-8080-exec-3] BasicTypeRegistry - Adding type registration materialized_clob -> org.hibernate.type.MaterializedClobType@5911250a
[DEBUG] 2021-02-28 15:06:51.250 [http-nio-8080-exec-3] BasicTypeRegistry - Adding type registration materialized_nclob -> org.hibernate.type.MaterializedNClobType@2e4beee6
[DEBUG] 2021-02-28 15:06:51.252 [http-nio-8080-exec-3] BasicTypeRegistry - Adding type registration serializable -> org.hibernate.type.SerializableType@21aa6717
[DEBUG] 2021-02-28 15:06:51.257 [http-nio-8080-exec-3] BasicTypeRegistry - Adding type registration object -> org.hibernate.type.ObjectType@1e5c5eff
[DEBUG] 2021-02-28 15:06:51.257 [http-nio-8080-exec-3] BasicTypeRegistry - Adding type registration java.lang.Object -> org.hibernate.type.ObjectType@1e5c5eff
[DEBUG] 2021-02-28 15:06:51.258 [http-nio-8080-exec-3] BasicTypeRegistry - Adding type registration imm_date -> org.hibernate.type.AdaptedImmutableType@47435997
[DEBUG] 2021-02-28 15:06:51.258 [http-nio-8080-exec-3] BasicTypeRegistry - Adding type registration imm_time -> org.hibernate.type.AdaptedImmutableType@43fd97b8
[DEBUG] 2021-02-28 15:06:51.258 [http-nio-8080-exec-3] BasicTypeRegistry - Adding type registration imm_timestamp -> org.hibernate.type.AdaptedImmutableType@58c3ba47
[DEBUG] 2021-02-28 15:06:51.258 [http-nio-8080-exec-3] BasicTypeRegistry - Adding type registration imm_dbtimestamp -> org.hibernate.type.AdaptedImmutableType@41d38bd0
[DEBUG] 2021-02-28 15:06:51.265 [http-nio-8080-exec-3] BasicTypeRegistry - Adding type registration imm_calendar -> org.hibernate.type.AdaptedImmutableType@1c01fd9c
[DEBUG] 2021-02-28 15:06:51.269 [http-nio-8080-exec-3] BasicTypeRegistry - Adding type registration imm_calendar_date -> org.hibernate.type.AdaptedImmutableType@336ef9f3
[DEBUG] 2021-02-28 15:06:51.269 [http-nio-8080-exec-3] BasicTypeRegistry - Adding type registration imm_binary -> org.hibernate.type.AdaptedImmutableType@76ba7c5b
[DEBUG] 2021-02-28 15:06:51.269 [http-nio-8080-exec-3] BasicTypeRegistry - Adding type registration imm_serializable -> org.hibernate.type.AdaptedImmutableType@2b6af457
[DEBUG] 2021-02-28 15:06:51.308 [http-nio-8080-exec-3] DefaultIdentifierGeneratorFactory - Registering IdentifierGenerator strategy [uuid2] -> [org.hibernate.id.UUIDGenerator]
[DEBUG] 2021-02-28 15:06:51.309 [http-nio-8080-exec-3] DefaultIdentifierGeneratorFactory - Registering IdentifierGenerator strategy [guid] -> [org.hibernate.id.GUIDGenerator]
[DEBUG] 2021-02-28 15:06:51.310 [http-nio-8080-exec-3] DefaultIdentifierGeneratorFactory - Registering IdentifierGenerator strategy [uuid] -> [org.hibernate.id.UUIDHexGenerator]
[DEBUG] 2021-02-28 15:06:51.310 [http-nio-8080-exec-3] DefaultIdentifierGeneratorFactory - Registering IdentifierGenerator strategy [uuid.hex] -> [org.hibernate.id.UUIDHexGenerator]
[DEBUG] 2021-02-28 15:06:51.313 [http-nio-8080-exec-3] DefaultIdentifierGeneratorFactory - Registering IdentifierGenerator strategy [assigned] -> [org.hibernate.id.Assigned]
[DEBUG] 2021-02-28 15:06:51.315 [http-nio-8080-exec-3] DefaultIdentifierGeneratorFactory - Registering IdentifierGenerator strategy [identity] -> [org.hibernate.id.IdentityGenerator]
[DEBUG] 2021-02-28 15:06:51.316 [http-nio-8080-exec-3] DefaultIdentifierGeneratorFactory - Registering IdentifierGenerator strategy [select] -> [org.hibernate.id.SelectGenerator]
[DEBUG] 2021-02-28 15:06:51.317 [http-nio-8080-exec-3] DefaultIdentifierGeneratorFactory - Registering IdentifierGenerator strategy [sequence] -> [org.hibernate.id.enhanced.SequenceStyleGenerator]
[DEBUG] 2021-02-28 15:06:51.318 [http-nio-8080-exec-3] DefaultIdentifierGeneratorFactory - Registering IdentifierGenerator strategy [seqhilo] -> [org.hibernate.id.SequenceHiLoGenerator]
[DEBUG] 2021-02-28 15:06:51.319 [http-nio-8080-exec-3] DefaultIdentifierGeneratorFactory - Registering IdentifierGenerator strategy [increment] -> [org.hibernate.id.IncrementGenerator]
[DEBUG] 2021-02-28 15:06:51.319 [http-nio-8080-exec-3] DefaultIdentifierGeneratorFactory - Registering IdentifierGenerator strategy [foreign] -> [org.hibernate.id.ForeignGenerator]
[DEBUG] 2021-02-28 15:06:51.320 [http-nio-8080-exec-3] DefaultIdentifierGeneratorFactory - Registering IdentifierGenerator strategy [sequence-identity] -> [org.hibernate.id.SequenceIdentityGenerator]
[DEBUG] 2021-02-28 15:06:51.320 [http-nio-8080-exec-3] DefaultIdentifierGeneratorFactory - Registering IdentifierGenerator strategy [enhanced-sequence] -> [org.hibernate.id.enhanced.SequenceStyleGenerator]
[DEBUG] 2021-02-28 15:06:51.321 [http-nio-8080-exec-3] DefaultIdentifierGeneratorFactory - Registering IdentifierGenerator strategy [enhanced-table] -> [org.hibernate.id.enhanced.TableGenerator]
[INFO ] 2021-02-28 15:06:51.340 [http-nio-8080-exec-3] C3P0ConnectionProvider - HHH010002: C3P0 using driver: com.mysql.cj.jdbc.Driver at URL: jdbc:mysql://localhost:3306/BugNet
[INFO ] 2021-02-28 15:06:51.343 [http-nio-8080-exec-3] C3P0ConnectionProvider - HHH10001001: Connection properties: {password=****, user=root}
[INFO ] 2021-02-28 15:06:51.348 [http-nio-8080-exec-3] C3P0ConnectionProvider - HHH10001003: Autocommit mode: false
[INFO ] 2021-02-28 15:06:52.089 [http-nio-8080-exec-3] C3P0ConnectionProvider - HHH10001007: JDBC isolation level: <unknown>
[DEBUG] 2021-02-28 15:06:54.020 [http-nio-8080-exec-3] JdbcEnvironmentInitiator - Database ->
       name : MySQL
    version : 8.0.22
      major : 8
      minor : 0
[DEBUG] 2021-02-28 15:06:54.023 [http-nio-8080-exec-3] JdbcEnvironmentInitiator - Driver ->
       name : MySQL Connector/J
    version : mysql-connector-java-8.0.16 (Revision: 34cbc6bc61f72836e26327537a432d6db7c77de6)
      major : 8
      minor : 0
[DEBUG] 2021-02-28 15:06:54.024 [http-nio-8080-exec-3] JdbcEnvironmentInitiator - JDBC version : 4.2
[INFO ] 2021-02-28 15:06:54.225 [http-nio-8080-exec-3] Dialect - HHH000400: Using dialect: org.hibernate.dialect.MySQL8Dialect
[DEBUG] 2021-02-28 15:06:54.332 [http-nio-8080-exec-3] IdentifierHelperBuilder - JDBC driver metadata reported database stores quoted identifiers in more than one case
[DEBUG] 2021-02-28 15:06:54.477 [http-nio-8080-exec-3] IdentifierHelperBuilder - IdentifierCaseStrategy for both quoted and unquoted identifiers was set to the same strategy [MIXED]; that will likely lead to problems in schema update and validation if using quoted identifiers
[DEBUG] 2021-02-28 15:06:54.696 [http-nio-8080-exec-3] Namespace - Created database namespace [logicalName=Name{catalog=null, schema=null}, physicalName=Name{catalog=null, schema=null}]
[DEBUG] 2021-02-28 15:06:54.738 [http-nio-8080-exec-3] TypeConfiguration$Scope - Scoping TypeConfiguration [org.hibernate.type.spi.TypeConfiguration@56e4abe3] to MetadataBuildingContext [org.hibernate.boot.internal.MetadataBuildingContextRootImpl@256cd8fd]
[DEBUG] 2021-02-28 15:06:55.021 [http-nio-8080-exec-3] AnnotationBinder - Binding entity from annotated class: bugnet.entity.User
[DEBUG] 2021-02-28 15:06:55.140 [http-nio-8080-exec-3] Ejb3Column - Binding column: Ejb3DiscriminatorColumn{logicalColumnName'DTYPE', discriminatorTypeName='string'}
[DEBUG] 2021-02-28 15:06:55.170 [http-nio-8080-exec-3] EntityBinder - Import with entity name User
[DEBUG] 2021-02-28 15:06:55.181 [http-nio-8080-exec-3] EntityBinder - Bind entity bugnet.entity.User on table user
[DEBUG] 2021-02-28 15:06:55.303 [http-nio-8080-exec-3] Ejb3Column - Binding column: Ejb3Column{table=org.hibernate.mapping.Table(user), mappingColumn=id, insertable=true, updatable=true, unique=false}
[DEBUG] 2021-02-28 15:06:55.328 [http-nio-8080-exec-3] PropertyBinder - MetadataSourceProcessor property id with lazy=false
[DEBUG] 2021-02-28 15:06:55.331 [http-nio-8080-exec-3] AbstractPropertyHolder - Attempting to locate auto-apply AttributeConverter for property [bugnet.entity.User:id]
[DEBUG] 2021-02-28 15:06:55.341 [http-nio-8080-exec-3] SimpleValueBinder - building SimpleValue for id
[DEBUG] 2021-02-28 15:06:55.353 [http-nio-8080-exec-3] PropertyBinder - Building property id
[DEBUG] 2021-02-28 15:06:55.372 [http-nio-8080-exec-3] BinderHelper - #makeIdGenerator(org.hibernate.mapping.SimpleValue([org.hibernate.mapping.Column(id)]), id, org.hibernate.id.enhanced.SequenceStyleGenerator, native, ...)
[DEBUG] 2021-02-28 15:06:55.376 [http-nio-8080-exec-3] Ejb3Column - Binding column: Ejb3Column{table=org.hibernate.mapping.Table(user), mappingColumn=password, insertable=true, updatable=true, unique=false}
[DEBUG] 2021-02-28 15:06:55.376 [http-nio-8080-exec-3] PropertyBinder - MetadataSourceProcessor property password with lazy=false
[DEBUG] 2021-02-28 15:06:55.379 [http-nio-8080-exec-3] AbstractPropertyHolder - Attempting to locate auto-apply AttributeConverter for property [bugnet.entity.User:password]
[DEBUG] 2021-02-28 15:06:55.381 [http-nio-8080-exec-3] SimpleValueBinder - building SimpleValue for password
[DEBUG] 2021-02-28 15:06:55.381 [http-nio-8080-exec-3] PropertyBinder - Building property password
[DEBUG] 2021-02-28 15:06:55.386 [http-nio-8080-exec-3] Ejb3Column - Binding column: Ejb3JoinColumn{logicalColumnName='null', referencedColumn='null', mappedBy='user'}
[DEBUG] 2021-02-28 15:06:55.386 [http-nio-8080-exec-3] Ejb3Column - Binding column: Ejb3Column{table=org.hibernate.mapping.Table(user), mappingColumn=specimens, insertable=true, updatable=true, unique=false}
[DEBUG] 2021-02-28 15:06:55.390 [http-nio-8080-exec-3] Ejb3Column - Binding column: Ejb3Column{table=org.hibernate.mapping.Table(user), mappingColumn=null, insertable=true, updatable=true, unique=false}
[DEBUG] 2021-02-28 15:06:55.423 [http-nio-8080-exec-3] Ejb3Column - Binding column: Ejb3Column{table=org.hibernate.mapping.Table(user), mappingColumn=element, insertable=true, updatable=true, unique=false}
[DEBUG] 2021-02-28 15:06:55.425 [http-nio-8080-exec-3] Ejb3Column - Binding column: Ejb3Column{table=org.hibernate.mapping.Table(user), mappingColumn=specimens_KEY, insertable=true, updatable=true, unique=false}
[DEBUG] 2021-02-28 15:06:55.426 [http-nio-8080-exec-3] Ejb3Column - Binding column: Ejb3JoinColumn{logicalColumnName='specimens_KEY', referencedColumn='null', mappedBy='null'}
[DEBUG] 2021-02-28 15:06:55.431 [http-nio-8080-exec-3] Ejb3Column - Binding column: Ejb3JoinColumn{logicalColumnName='null', referencedColumn='null', mappedBy='user'}
[DEBUG] 2021-02-28 15:06:55.431 [http-nio-8080-exec-3] Ejb3Column - Binding column: Ejb3JoinColumn{logicalColumnName='null', referencedColumn='null', mappedBy='user'}
[DEBUG] 2021-02-28 15:06:55.432 [http-nio-8080-exec-3] CollectionBinder - Collection role: bugnet.entity.User.specimens
[DEBUG] 2021-02-28 15:06:55.449 [http-nio-8080-exec-3] PropertyBinder - Building property specimens
[DEBUG] 2021-02-28 15:06:55.449 [http-nio-8080-exec-3] Ejb3Column - Binding column: Ejb3Column{table=org.hibernate.mapping.Table(user), mappingColumn=username, insertable=true, updatable=true, unique=false}
[DEBUG] 2021-02-28 15:06:55.451 [http-nio-8080-exec-3] PropertyBinder - MetadataSourceProcessor property username with lazy=false
[DEBUG] 2021-02-28 15:06:55.451 [http-nio-8080-exec-3] AbstractPropertyHolder - Attempting to locate auto-apply AttributeConverter for property [bugnet.entity.User:username]
[DEBUG] 2021-02-28 15:06:55.451 [http-nio-8080-exec-3] SimpleValueBinder - building SimpleValue for username
[DEBUG] 2021-02-28 15:06:55.454 [http-nio-8080-exec-3] PropertyBinder - Building property username
[DEBUG] 2021-02-28 15:06:55.457 [http-nio-8080-exec-3] AnnotationBinder - Binding entity from annotated class: bugnet.entity.Specimen
[DEBUG] 2021-02-28 15:06:55.458 [http-nio-8080-exec-3] Ejb3Column - Binding column: Ejb3DiscriminatorColumn{logicalColumnName'DTYPE', discriminatorTypeName='string'}
[DEBUG] 2021-02-28 15:06:55.458 [http-nio-8080-exec-3] EntityBinder - Import with entity name Specimen
[DEBUG] 2021-02-28 15:06:55.458 [http-nio-8080-exec-3] EntityBinder - Bind entity bugnet.entity.Specimen on table specimen
[DEBUG] 2021-02-28 15:06:55.473 [http-nio-8080-exec-3] Ejb3Column - Binding column: Ejb3Column{table=org.hibernate.mapping.Table(specimen), mappingColumn=id, insertable=true, updatable=true, unique=false}
[DEBUG] 2021-02-28 15:06:55.476 [http-nio-8080-exec-3] PropertyBinder - MetadataSourceProcessor property id with lazy=false
[DEBUG] 2021-02-28 15:06:55.477 [http-nio-8080-exec-3] AbstractPropertyHolder - Attempting to locate auto-apply AttributeConverter for property [bugnet.entity.Specimen:id]
[DEBUG] 2021-02-28 15:06:55.477 [http-nio-8080-exec-3] SimpleValueBinder - building SimpleValue for id
[DEBUG] 2021-02-28 15:06:55.478 [http-nio-8080-exec-3] PropertyBinder - Building property id
[DEBUG] 2021-02-28 15:06:55.479 [http-nio-8080-exec-3] BinderHelper - #makeIdGenerator(org.hibernate.mapping.SimpleValue([org.hibernate.mapping.Column(id)]), id, org.hibernate.id.enhanced.SequenceStyleGenerator, native, ...)
[DEBUG] 2021-02-28 15:06:55.479 [http-nio-8080-exec-3] Ejb3Column - Binding column: Ejb3Column{table=org.hibernate.mapping.Table(specimen), mappingColumn=determination, insertable=true, updatable=true, unique=false}
[DEBUG] 2021-02-28 15:06:55.479 [http-nio-8080-exec-3] PropertyBinder - MetadataSourceProcessor property bugName with lazy=false
[DEBUG] 2021-02-28 15:06:55.479 [http-nio-8080-exec-3] AbstractPropertyHolder - Attempting to locate auto-apply AttributeConverter for property [bugnet.entity.Specimen:bugName]
[DEBUG] 2021-02-28 15:06:55.479 [http-nio-8080-exec-3] SimpleValueBinder - building SimpleValue for bugName
[DEBUG] 2021-02-28 15:06:55.479 [http-nio-8080-exec-3] PropertyBinder - Building property bugName
[DEBUG] 2021-02-28 15:06:55.480 [http-nio-8080-exec-3] Ejb3Column - Binding column: Ejb3Column{table=org.hibernate.mapping.Table(specimen), mappingColumn=notes, insertable=true, updatable=true, unique=false}
[DEBUG] 2021-02-28 15:06:55.480 [http-nio-8080-exec-3] PropertyBinder - MetadataSourceProcessor property bugNotes with lazy=false
[DEBUG] 2021-02-28 15:06:55.480 [http-nio-8080-exec-3] AbstractPropertyHolder - Attempting to locate auto-apply AttributeConverter for property [bugnet.entity.Specimen:bugNotes]
[DEBUG] 2021-02-28 15:06:55.480 [http-nio-8080-exec-3] SimpleValueBinder - building SimpleValue for bugNotes
[DEBUG] 2021-02-28 15:06:55.480 [http-nio-8080-exec-3] PropertyBinder - Building property bugNotes
[DEBUG] 2021-02-28 15:06:55.480 [http-nio-8080-exec-3] Ejb3Column - Binding column: Ejb3Column{table=org.hibernate.mapping.Table(specimen), mappingColumn=date, insertable=true, updatable=true, unique=false}
[DEBUG] 2021-02-28 15:06:55.480 [http-nio-8080-exec-3] PropertyBinder - MetadataSourceProcessor property collectedDate with lazy=false
[DEBUG] 2021-02-28 15:06:55.481 [http-nio-8080-exec-3] AbstractPropertyHolder - Attempting to locate auto-apply AttributeConverter for property [bugnet.entity.Specimen:collectedDate]
[DEBUG] 2021-02-28 15:06:55.481 [http-nio-8080-exec-3] SimpleValueBinder - building SimpleValue for collectedDate
[DEBUG] 2021-02-28 15:06:55.481 [http-nio-8080-exec-3] PropertyBinder - Building property collectedDate
[DEBUG] 2021-02-28 15:06:55.481 [http-nio-8080-exec-3] Ejb3Column - Binding column: Ejb3Column{table=org.hibernate.mapping.Table(specimen), mappingColumn=location, insertable=true, updatable=true, unique=false}
[DEBUG] 2021-02-28 15:06:55.481 [http-nio-8080-exec-3] PropertyBinder - MetadataSourceProcessor property collectedLocation with lazy=false
[DEBUG] 2021-02-28 15:06:55.481 [http-nio-8080-exec-3] AbstractPropertyHolder - Attempting to locate auto-apply AttributeConverter for property [bugnet.entity.Specimen:collectedLocation]
[DEBUG] 2021-02-28 15:06:55.481 [http-nio-8080-exec-3] SimpleValueBinder - building SimpleValue for collectedLocation
[DEBUG] 2021-02-28 15:06:55.481 [http-nio-8080-exec-3] PropertyBinder - Building property collectedLocation
[DEBUG] 2021-02-28 15:06:55.481 [http-nio-8080-exec-3] Ejb3Column - Binding column: Ejb3JoinColumn{logicalColumnName='user_id', referencedColumn='', mappedBy=''}
[DEBUG] 2021-02-28 15:06:55.481 [http-nio-8080-exec-3] Ejb3Column - Binding column: Ejb3Column{table=org.hibernate.mapping.Table(specimen), mappingColumn=user, insertable=true, updatable=true, unique=false}
[DEBUG] 2021-02-28 15:06:55.493 [http-nio-8080-exec-3] PropertyBinder - Building property user
[DEBUG] 2021-02-28 15:06:55.505 [http-nio-8080-exec-3] SimpleValueBinder - Starting fillSimpleValue for id
[DEBUG] 2021-02-28 15:06:55.506 [http-nio-8080-exec-3] SimpleValueBinder - Starting fillSimpleValue for password
[DEBUG] 2021-02-28 15:06:55.507 [http-nio-8080-exec-3] SimpleValueBinder - Starting fillSimpleValue for username
[DEBUG] 2021-02-28 15:06:55.507 [http-nio-8080-exec-3] SimpleValueBinder - Starting fillSimpleValue for id
[DEBUG] 2021-02-28 15:06:55.507 [http-nio-8080-exec-3] SimpleValueBinder - Starting fillSimpleValue for bugName
[DEBUG] 2021-02-28 15:06:55.507 [http-nio-8080-exec-3] SimpleValueBinder - Starting fillSimpleValue for bugNotes
[DEBUG] 2021-02-28 15:06:55.507 [http-nio-8080-exec-3] SimpleValueBinder - Starting fillSimpleValue for collectedDate
[DEBUG] 2021-02-28 15:06:55.507 [http-nio-8080-exec-3] SimpleValueBinder - Starting fillSimpleValue for collectedLocation
[DEBUG] 2021-02-28 15:06:55.512 [http-nio-8080-exec-3] PrimaryKey - Forcing column [id] to be non-null as it is part of the primary key for table [user]
[DEBUG] 2021-02-28 15:06:55.513 [http-nio-8080-exec-3] PrimaryKey - Forcing column [id] to be non-null as it is part of the primary key for table [specimen]
[DEBUG] 2021-02-28 15:06:55.513 [http-nio-8080-exec-3] CollectionSecondPass - Second pass for collection: bugnet.entity.User.specimens
[DEBUG] 2021-02-28 15:06:55.513 [http-nio-8080-exec-3] CollectionBinder - Binding a OneToMany: bugnet.entity.User.specimens through a foreign key
[DEBUG] 2021-02-28 15:06:55.514 [http-nio-8080-exec-3] CollectionBinder - Mapping collection: bugnet.entity.User.specimens -> specimen
[DEBUG] 2021-02-28 15:06:55.516 [http-nio-8080-exec-3] TableBinder - Retrieving property bugnet.entity.Specimen.user
[DEBUG] 2021-02-28 15:06:55.516 [http-nio-8080-exec-3] CollectionSecondPass - Mapped collection key: user_id, one-to-many: bugnet.entity.Specimen
[DEBUG] 2021-02-28 15:06:55.516 [http-nio-8080-exec-3] InFlightMetadataCollectorImpl - Resolving reference to class: bugnet.entity.User
[DEBUG] 2021-02-28 15:06:55.524 [http-nio-8080-exec-3] InFlightMetadataCollectorImpl - Resolving reference to class: bugnet.entity.User
[DEBUG] 2021-02-28 15:06:55.596 [http-nio-8080-exec-3] SessionFactoryImpl - Building session factory
[DEBUG] 2021-02-28 15:06:55.601 [http-nio-8080-exec-3] Settings - SessionFactory name : null
[DEBUG] 2021-02-28 15:06:55.601 [http-nio-8080-exec-3] Settings - Automatic flush during beforeCompletion(): enabled
[DEBUG] 2021-02-28 15:06:55.601 [http-nio-8080-exec-3] Settings - Automatic session close at end of transaction: disabled
[DEBUG] 2021-02-28 15:06:55.601 [http-nio-8080-exec-3] Settings - Statistics: disabled
[DEBUG] 2021-02-28 15:06:55.601 [http-nio-8080-exec-3] Settings - Deleted entity synthetic identifier rollback: disabled
[DEBUG] 2021-02-28 15:06:55.601 [http-nio-8080-exec-3] Settings - Default entity-mode: pojo
[DEBUG] 2021-02-28 15:06:55.601 [http-nio-8080-exec-3] Settings - Check Nullability in Core (should be disabled when Bean Validation is on): enabled
[DEBUG] 2021-02-28 15:06:55.601 [http-nio-8080-exec-3] Settings - Allow initialization of lazy state outside session : disabled
[DEBUG] 2021-02-28 15:06:55.602 [http-nio-8080-exec-3] Settings - Using BatchFetchStyle : LEGACY
[DEBUG] 2021-02-28 15:06:55.602 [http-nio-8080-exec-3] Settings - Default batch fetch size: -1
[DEBUG] 2021-02-28 15:06:55.602 [http-nio-8080-exec-3] Settings - Maximum outer join fetch depth: 2
[DEBUG] 2021-02-28 15:06:55.602 [http-nio-8080-exec-3] Settings - Default null ordering: NONE
[DEBUG] 2021-02-28 15:06:55.606 [http-nio-8080-exec-3] Settings - Order SQL updates by primary key: disabled
[DEBUG] 2021-02-28 15:06:55.606 [http-nio-8080-exec-3] Settings - Order SQL inserts for batching: disabled
[DEBUG] 2021-02-28 15:06:55.606 [http-nio-8080-exec-3] Settings - multi-tenancy strategy : NONE
[DEBUG] 2021-02-28 15:06:55.606 [http-nio-8080-exec-3] Settings - JTA Track by Thread: enabled
[DEBUG] 2021-02-28 15:06:55.606 [http-nio-8080-exec-3] Settings - Query language substitutions: {}
[DEBUG] 2021-02-28 15:06:55.606 [http-nio-8080-exec-3] Settings - Named query checking : enabled
[DEBUG] 2021-02-28 15:06:55.606 [http-nio-8080-exec-3] Settings - Second-level cache: disabled
[DEBUG] 2021-02-28 15:06:55.606 [http-nio-8080-exec-3] Settings - Second-level query cache: disabled
[DEBUG] 2021-02-28 15:06:55.606 [http-nio-8080-exec-3] Settings - Second-level query cache factory: null
[DEBUG] 2021-02-28 15:06:55.607 [http-nio-8080-exec-3] Settings - Second-level cache region prefix: null
[DEBUG] 2021-02-28 15:06:55.608 [http-nio-8080-exec-3] Settings - Optimize second-level cache for minimal puts: disabled
[DEBUG] 2021-02-28 15:06:55.610 [http-nio-8080-exec-3] Settings - Structured second-level cache entries: disabled
[DEBUG] 2021-02-28 15:06:55.610 [http-nio-8080-exec-3] Settings - Second-level cache direct-reference entries: disabled
[DEBUG] 2021-02-28 15:06:55.610 [http-nio-8080-exec-3] Settings - Automatic eviction of collection cache: disabled
[DEBUG] 2021-02-28 15:06:55.610 [http-nio-8080-exec-3] Settings - JDBC batch size: 15
[DEBUG] 2021-02-28 15:06:55.610 [http-nio-8080-exec-3] Settings - JDBC batch updates for versioned data: enabled
[DEBUG] 2021-02-28 15:06:55.610 [http-nio-8080-exec-3] Settings - Scrollable result sets: enabled
[DEBUG] 2021-02-28 15:06:55.610 [http-nio-8080-exec-3] Settings - Wrap result sets: disabled
[DEBUG] 2021-02-28 15:06:55.610 [http-nio-8080-exec-3] Settings - JDBC3 getGeneratedKeys(): enabled
[DEBUG] 2021-02-28 15:06:55.615 [http-nio-8080-exec-3] Settings - JDBC result set fetch size: null
[DEBUG] 2021-02-28 15:06:55.615 [http-nio-8080-exec-3] Settings - Connection release mode: AFTER_TRANSACTION
[DEBUG] 2021-02-28 15:06:55.615 [http-nio-8080-exec-3] Settings - Generate SQL with comments: disabled
[DEBUG] 2021-02-28 15:06:55.615 [http-nio-8080-exec-3] Settings - JPA compliance - query : 
[DEBUG] 2021-02-28 15:06:55.615 [http-nio-8080-exec-3] Settings - JPA compliance - closed-handling : 
[DEBUG] 2021-02-28 15:06:55.615 [http-nio-8080-exec-3] Settings - JPA compliance - lists : 
[DEBUG] 2021-02-28 15:06:55.615 [http-nio-8080-exec-3] Settings - JPA compliance - transactions : 
[INFO ] 2021-02-28 15:06:55.803 [http-nio-8080-exec-3] beans - HHH10005002: No explicit CDI BeanManager reference was passed to Hibernate, but CDI is available on the Hibernate ClassLoader.
[DEBUG] 2021-02-28 15:06:55.885 [http-nio-8080-exec-3] SessionFactoryImpl - Session factory constructed with filter configurations : {}
[DEBUG] 2021-02-28 15:06:55.885 [http-nio-8080-exec-3] SessionFactoryImpl - Instantiating session factory with properties: {awt.toolkit=sun.awt.X11.XToolkit, java.specification.version=11, sun.cpu.isalist=, hibernate.c3p0.idle_test_period=3000, sun.jnu.encoding=UTF-8, hibernate.c3p0.min_size=5, sun.arch.data.model=64, java.vendor.url=https://ubuntu.com/, catalina.useNaming=true, openejb.provider.default=org.apache.tomee, sun.boot.library.path=/usr/lib/jvm/java-11-openjdk-amd64/lib, com.sun.management.jmxremote.ssl=false, sun.java.command=org.apache.catalina.startup.Bootstrap start, jdk.debug=release, java.specification.vendor=Oracle Corporation, java.naming.factory.url.pkgs=org.apache.naming:org.apache.openejb.core.ivm.naming, openejb.embedder.source=ServerListener, java.version.date=2021-01-19, java.home=/usr/lib/jvm/java-11-openjdk-amd64, ignore.endorsed.dirs=, file.separator=/, java.vm.compressedOopsMode=32-bit, line.separator=
, hibernate.c3p0.timeout=300, java.specification.name=Java Platform API Specification, java.vm.specification.vendor=Oracle Corporation, openejb.scan.webapp.container=true, com.sun.management.jmxremote.password.file=/home/student/.cache/JetBrains/IntelliJIdea2020.3/tomcat/c423b65b-8ad5-4033-80c4-34a1b1e696f1/jmxremote.password, package.definition=sun.,java.,org.apache.catalina.,org.apache.coyote.,org.apache.jasper.,org.apache.naming.,org.apache.tomcat., openejb.deployments.classpath.filter.systemapps=false, jdk.tls.ephemeralDHKeySize=2048, java.util.logging.config.file=/home/student/.cache/JetBrains/IntelliJIdea2020.3/tomcat/c423b65b-8ad5-4033-80c4-34a1b1e696f1/conf/logging.properties, java.protocol.handler.pkgs=org.apache.catalina.webresources, connection.password=student, sun.management.compiler=HotSpot 64-Bit Tiered Compilers, openejb.scan.webapp.container.excludes=, java.runtime.version=11.0.10+9-Ubuntu-0ubuntu1.20.04, user.name=student, org.apache.johnzon.max-string-length=8192, file.encoding=UTF-8, derby.system.home=/home/student/tomcat/bin, org.apache.catalina.security.SecurityListener.UMASK=0027, hibernate.connection.driver_class=com.mysql.cj.jdbc.Driver, java.io.tmpdir=/home/student/tomcat/temp, tomcat.util.scan.StandardJarScanFilter.jarsToScan=log4j-taglib*.jar,log4j-web*.jar,log4javascript*.jar,slf4j-taglib*.jar, java.version=11.0.10, com.sun.management.jmxremote.port=1099, tomcat.util.scan.StandardJarScanFilter.jarsToSkip=annotations-api.jar,ant-junit*.jar,ant-launcher.jar,ant.jar,asm-*.jar,aspectj*.jar,bootstrap.jar,catalina-ant.jar,catalina-ha.jar,catalina-jmx-remote.jar,catalina-storeconfig.jar,catalina-tribes.jar,catalina-ws.jar,catalina.jar,cglib-*.jar,cobertura-*.jar,commons-beanutils*.jar,commons-codec*.jar,commons-collections*.jar,commons-daemon.jar,commons-dbcp*.jar,commons-digester*.jar,commons-fileupload*.jar,commons-httpclient*.jar,commons-io*.jar,commons-lang*.jar,commons-logging*.jar,commons-math*.jar,commons-pool*.jar,dom4j-*.jar,easymock-*.jar,ecj-*.jar,el-api.jar,geronimo-spec-jaxrpc*.jar,h2*.jar,hamcrest-*.jar,hibernate*.jar,httpclient*.jar,icu4j-*.jar,jasper-el.jar,jasper.jar,jaspic-api.jar,jaxb-*.jar,jaxen-*.jar,jdom-*.jar,jetty-*.jar,jmx-tools.jar,jmx.jar,jsp-api.jar,jstl.jar,jta*.jar,junit-*.jar,junit.jar,log4j*.jar,mail*.jar,objenesis-*.jar,oraclepki.jar,oro-*.jar,servlet-api-*.jar,servlet-api.jar,slf4j*.jar,taglibs-standard-spec-*.jar,tagsoup-*.jar,tomcat-api.jar,tomcat-coyote.jar,tomcat-dbcp.jar,tomcat-i18n-*.jar,tomcat-jdbc.jar,tomcat-jni.jar,tomcat-juli-adapters.jar,tomcat-juli.jar,tomcat-util-scan.jar,tomcat-util.jar,tomcat-websocket.jar,tools.jar,websocket-api.jar,wsdl4j*.jar,xercesImpl.jar,xml-apis.jar,xmlParserAPIs-*.jar,xmlParserAPIs.jar,xom-*.jar, connection.username=root, java.vm.specification.name=Java Virtual Machine Specification, java.awt.printerjob=sun.print.PSPrinterJob, sun.os.patch.level=unknown, connection.driver_class=com.mysql.cj.jdbc.Driver, tomcat.built=May 4 2019 09:17:16 UTC, java.library.path=/usr/java/packages/lib:/usr/lib/x86_64-linux-gnu/jni:/lib/x86_64-linux-gnu:/usr/lib/x86_64-linux-gnu:/usr/lib/jni:/lib:/usr/lib, java.vendor=Ubuntu, tomee.version=7.1.1, java.rmi.server.randomIDs=true, sun.io.unicode.encoding=UnicodeLittle, tomcat.util.buf.StringCache.byte.enabled=true, sun.desktop=gnome, java.class.path=/home/student/tomcat/bin/bootstrap.jar:/home/student/tomcat/bin/tomcat-juli.jar, tomcat.version=8.5.41.0, java.vm.vendor=Ubuntu, openejb.home=/home/student/tomcat, openejb.system.apps=true, user.timezone=America/Chicago, os.name=Linux, java.vm.specification.version=11, sun.java.launcher=SUN_STANDARD, user.country=US, openejb.base=/home/student/.cache/JetBrains/IntelliJIdea2020.3/tomcat/c423b65b-8ad5-4033-80c4-34a1b1e696f1, com.sun.management.jmxremote=, sun.cpu.endian=little, user.home=/home/student, hibernate.c3p0.max_statements=50, user.language=en, openejb.deployments.classpath=false, java.awt.graphicsenv=sun.awt.X11GraphicsEnvironment, package.access=sun.,org.apache.catalina.,org.apache.coyote.,org.apache.jasper.,org.apache.tomcat., openejb.loader=tomcat-system, server.loader=, com.sun.management.jmxremote.access.file=/home/student/.cache/JetBrains/IntelliJIdea2020.3/tomcat/c423b65b-8ad5-4033-80c4-34a1b1e696f1/jmxremote.access, hibernate.c3p0.max_size=20, java.naming.factory.initial=org.apache.naming.java.javaURLContextFactory, path.separator=:, org.apache.openejb.core.security.JaccProvider=org.apache.openejb.core.security.jacc.BasicJaccProvider, common.loader="/home/student/tomcat/lib","/home/student/tomcat/lib/*.jar","/home/student/tomcat/lib","/home/student/tomcat/lib/*.jar", hibernate.connection.username=****, os.version=5.4.0-65-generic, openejb.version=7.1.1, org.apache.security.jacc.EJBMethodPermission.methodInterfaces=BusinessLocalHome,BusinessRemoteHome,BusinessRemote,BusinessLocal, java.runtime.name=OpenJDK Runtime Environment, hibernate.connection.url=jdbc:mysql://localhost:3306/BugNet, java.vm.name=OpenJDK 64-Bit Server VM, openejb.scan.webapp.container.includes=.*(geronimo|mp-jwt|failsafe).*, tomee.remote.support=true, java.vendor.url.bug=https://bugs.launchpad.net/ubuntu/+source/openjdk-lts, catalina.home=/home/student/tomcat, user.dir=/home/student/tomcat/bin, bval.in-container=true, os.arch=amd64, openjpa.Log=org.apache.openejb.openjpa.JULOpenJPALogFactory, hibernate.connection.password=****, tomee.serialization.class.blacklist=-, tomee.serialization.class.whitelist=, shared.loader=, catalina.base=/home/student/.cache/JetBrains/IntelliJIdea2020.3/tomcat/c423b65b-8ad5-4033-80c4-34a1b1e696f1, hibernate.boot.CfgXmlAccessService.key=org.hibernate.boot.cfgxml.spi.LoadedConfig@6d35dc0a, noBanner=true, java.util.logging.manager=org.apache.juli.ClassLoaderLogManager, org.apache.webbeans.logger.WebBeansLoggerFacade=org.apache.openejb.cdi.logging.ContainerJULLoggerFactory, java.vm.info=mixed mode, sharing, java.vm.version=11.0.10+9-Ubuntu-0ubuntu1.20.04, hibernate.bytecode.use_reflection_optimizer=false, java.rmi.server.hostname=127.0.0.1, javax.security.jacc.PolicyConfigurationFactory.provider=org.apache.openejb.core.security.JaccProvider$Factory, connection.url=jdbc:mysql://localhost:3306/BugNet, java.class.version=55.0, authconfigprovider.factory=false}
[DEBUG] 2021-02-28 15:06:55.952 [http-nio-8080-exec-3] ClassLoaderAccessImpl - Not known whether passed class name [bugnet.entity.Specimen] is safe
[DEBUG] 2021-02-28 15:06:55.952 [http-nio-8080-exec-3] ClassLoaderAccessImpl - No temp ClassLoader provided; using live ClassLoader for loading potentially unsafe class : bugnet.entity.Specimen
[DEBUG] 2021-02-28 15:06:55.998 [http-nio-8080-exec-3] ClassLoaderAccessImpl - Not known whether passed class name [bugnet.entity.User] is safe
[DEBUG] 2021-02-28 15:06:55.999 [http-nio-8080-exec-3] ClassLoaderAccessImpl - No temp ClassLoader provided; using live ClassLoader for loading potentially unsafe class : bugnet.entity.User
[DEBUG] 2021-02-28 15:06:56.006 [http-nio-8080-exec-3] JaccIntegrator - Skipping JACC integration as it was not enabled
[DEBUG] 2021-02-28 15:06:56.011 [http-nio-8080-exec-3] SessionFactoryImpl - Instantiated session factory
[DEBUG] 2021-02-28 15:06:56.012 [http-nio-8080-exec-3] TypeConfiguration$Scope - Scoping TypeConfiguration [org.hibernate.type.spi.TypeConfiguration@56e4abe3] to SessionFactoryImpl [org.hibernate.internal.SessionFactoryImpl@7bad3985]
[DEBUG] 2021-02-28 15:06:56.173 [http-nio-8080-exec-3] ClassLoaderAccessImpl - Not known whether passed class name [bugnet.entity.Specimen] is safe
[DEBUG] 2021-02-28 15:06:56.175 [http-nio-8080-exec-3] ClassLoaderAccessImpl - No temp ClassLoader provided; using live ClassLoader for loading potentially unsafe class : bugnet.entity.Specimen
[DEBUG] 2021-02-28 15:06:56.256 [http-nio-8080-exec-3] ClassLoaderAccessImpl - Not known whether passed class name [bugnet.entity.Specimen] is safe
[DEBUG] 2021-02-28 15:06:56.256 [http-nio-8080-exec-3] ClassLoaderAccessImpl - No temp ClassLoader provided; using live ClassLoader for loading potentially unsafe class : bugnet.entity.Specimen
[DEBUG] 2021-02-28 15:06:56.882 [http-nio-8080-exec-3] ClassLoaderAccessImpl - Not known whether passed class name [bugnet.entity.User] is safe
[DEBUG] 2021-02-28 15:06:56.882 [http-nio-8080-exec-3] ClassLoaderAccessImpl - No temp ClassLoader provided; using live ClassLoader for loading potentially unsafe class : bugnet.entity.User
[DEBUG] 2021-02-28 15:06:56.883 [http-nio-8080-exec-3] ClassLoaderAccessImpl - Not known whether passed class name [bugnet.entity.User] is safe
[DEBUG] 2021-02-28 15:06:56.884 [http-nio-8080-exec-3] ClassLoaderAccessImpl - No temp ClassLoader provided; using live ClassLoader for loading potentially unsafe class : bugnet.entity.User
[DEBUG] 2021-02-28 15:06:56.966 [http-nio-8080-exec-3] AbstractCollectionPersister - Static SQL for collection: bugnet.entity.User.specimens
[DEBUG] 2021-02-28 15:06:56.966 [http-nio-8080-exec-3] AbstractCollectionPersister -  Row insert: update specimen set user_id=? where id=?
[DEBUG] 2021-02-28 15:06:56.966 [http-nio-8080-exec-3] AbstractCollectionPersister -  Row update: update specimen set  where id=?
[DEBUG] 2021-02-28 15:06:56.966 [http-nio-8080-exec-3] AbstractCollectionPersister -  Row delete: update specimen set user_id=null where user_id=? and id=?
[DEBUG] 2021-02-28 15:06:56.966 [http-nio-8080-exec-3] AbstractCollectionPersister -  One-shot delete: update specimen set user_id=null where user_id=?
[DEBUG] 2021-02-28 15:06:56.988 [http-nio-8080-exec-3] AbstractEntityPersister - Static SQL for entity: bugnet.entity.Specimen
[DEBUG] 2021-02-28 15:06:56.988 [http-nio-8080-exec-3] AbstractEntityPersister -  Version select: select id from specimen where id =?
[DEBUG] 2021-02-28 15:06:56.988 [http-nio-8080-exec-3] AbstractEntityPersister -  Snapshot select: select specimen_.id, specimen_.determination as determin2_0_, specimen_.notes as notes3_0_, specimen_.date as date4_0_, specimen_.location as location5_0_, specimen_.user_id as user_id6_0_ from specimen specimen_ where specimen_.id=?
[DEBUG] 2021-02-28 15:06:56.988 [http-nio-8080-exec-3] AbstractEntityPersister -  Insert 0: insert into specimen (determination, notes, date, location, user_id, id) values (?, ?, ?, ?, ?, ?)
[DEBUG] 2021-02-28 15:06:56.988 [http-nio-8080-exec-3] AbstractEntityPersister -  Update 0: update specimen set determination=?, notes=?, date=?, location=?, user_id=? where id=?
[DEBUG] 2021-02-28 15:06:56.988 [http-nio-8080-exec-3] AbstractEntityPersister -  Delete 0: delete from specimen where id=?
[DEBUG] 2021-02-28 15:06:56.988 [http-nio-8080-exec-3] AbstractEntityPersister -  Identity insert: insert into specimen (determination, notes, date, location, user_id) values (?, ?, ?, ?, ?)
[DEBUG] 2021-02-28 15:06:57.035 [http-nio-8080-exec-3] QuerySpacesImpl - Adding QuerySpace : uid = <gen:0> -> org.hibernate.loader.plan.build.internal.spaces.EntityQuerySpaceImpl@1442663f]
[DEBUG] 2021-02-28 15:06:57.050 [http-nio-8080-exec-3] MetamodelGraphWalker - Visiting attribute path : bugName
[DEBUG] 2021-02-28 15:06:57.050 [http-nio-8080-exec-3] MetamodelGraphWalker - Visiting attribute path : bugNotes
[DEBUG] 2021-02-28 15:06:57.050 [http-nio-8080-exec-3] MetamodelGraphWalker - Visiting attribute path : collectedDate
[DEBUG] 2021-02-28 15:06:57.050 [http-nio-8080-exec-3] MetamodelGraphWalker - Visiting attribute path : collectedLocation
[DEBUG] 2021-02-28 15:06:57.050 [http-nio-8080-exec-3] MetamodelGraphWalker - Visiting attribute path : user
[DEBUG] 2021-02-28 15:06:57.066 [http-nio-8080-exec-3] QuerySpacesImpl - Adding QuerySpace : uid = <gen:1> -> org.hibernate.loader.plan.build.internal.spaces.EntityQuerySpaceImpl@2b78b26]
[DEBUG] 2021-02-28 15:06:57.068 [http-nio-8080-exec-3] MetamodelGraphWalker - Visiting attribute path : user.password
[DEBUG] 2021-02-28 15:06:57.068 [http-nio-8080-exec-3] MetamodelGraphWalker - Visiting attribute path : user.specimens
[DEBUG] 2021-02-28 15:06:57.068 [http-nio-8080-exec-3] MetamodelGraphWalker - Property path deemed to be circular : user.specimens
[DEBUG] 2021-02-28 15:06:57.068 [http-nio-8080-exec-3] MetamodelGraphWalker - Visiting attribute path : user.username
[DEBUG] 2021-02-28 15:06:57.068 [http-nio-8080-exec-3] FetchStyleLoadPlanBuildingAssociationVisitationStrategy - Building LoadPlan...
[DEBUG] 2021-02-28 15:06:57.110 [http-nio-8080-exec-3] LoadQueryJoinAndFetchProcessor - processing queryspace <gen:0>
[DEBUG] 2021-02-28 15:06:57.122 [http-nio-8080-exec-3] LoadPlanTreePrinter - LoadPlan(entity=bugnet.entity.Specimen)
    - Returns
       - EntityReturnImpl(entity=bugnet.entity.Specimen, querySpaceUid=<gen:0>, path=bugnet.entity.Specimen)
          - EntityAttributeFetchImpl(entity=bugnet.entity.User, querySpaceUid=<gen:1>, path=bugnet.entity.Specimen.user)
    - QuerySpaces
       - EntityQuerySpaceImpl(uid=<gen:0>, entity=bugnet.entity.Specimen)
          - SQL table alias mapping - specimen0_
          - alias suffix - 0_
          - suffixed key columns - {id1_0_0_}
          - JOIN (JoinDefinedByMetadata(user)) : <gen:0> -> <gen:1>
             - EntityQuerySpaceImpl(uid=<gen:1>, entity=bugnet.entity.User)
                - SQL table alias mapping - user1_
                - alias suffix - 1_
                - suffixed key columns - {id1_1_1_}

[DEBUG] 2021-02-28 15:06:57.133 [http-nio-8080-exec-3] EntityLoader - Static select for entity bugnet.entity.Specimen [NONE]: select specimen0_.id as id1_0_0_, specimen0_.determination as determin2_0_0_, specimen0_.notes as notes3_0_0_, specimen0_.date as date4_0_0_, specimen0_.location as location5_0_0_, specimen0_.user_id as user_id6_0_0_, user1_.id as id1_1_1_, user1_.password as password2_1_1_, user1_.username as username3_1_1_ from specimen specimen0_ left outer join user user1_ on specimen0_.user_id=user1_.id where specimen0_.id=?
[DEBUG] 2021-02-28 15:06:57.133 [http-nio-8080-exec-3] QuerySpacesImpl - Adding QuerySpace : uid = <gen:0> -> org.hibernate.loader.plan.build.internal.spaces.EntityQuerySpaceImpl@44710ad3]
[DEBUG] 2021-02-28 15:06:57.134 [http-nio-8080-exec-3] MetamodelGraphWalker - Visiting attribute path : bugName
[DEBUG] 2021-02-28 15:06:57.136 [http-nio-8080-exec-3] MetamodelGraphWalker - Visiting attribute path : bugNotes
[DEBUG] 2021-02-28 15:06:57.136 [http-nio-8080-exec-3] MetamodelGraphWalker - Visiting attribute path : collectedDate
[DEBUG] 2021-02-28 15:06:57.136 [http-nio-8080-exec-3] MetamodelGraphWalker - Visiting attribute path : collectedLocation
[DEBUG] 2021-02-28 15:06:57.136 [http-nio-8080-exec-3] MetamodelGraphWalker - Visiting attribute path : user
[DEBUG] 2021-02-28 15:06:57.136 [http-nio-8080-exec-3] QuerySpacesImpl - Adding QuerySpace : uid = <gen:1> -> org.hibernate.loader.plan.build.internal.spaces.EntityQuerySpaceImpl@360da124]
[DEBUG] 2021-02-28 15:06:57.136 [http-nio-8080-exec-3] MetamodelGraphWalker - Visiting attribute path : user.password
[DEBUG] 2021-02-28 15:06:57.136 [http-nio-8080-exec-3] MetamodelGraphWalker - Visiting attribute path : user.specimens
[DEBUG] 2021-02-28 15:06:57.136 [http-nio-8080-exec-3] MetamodelGraphWalker - Property path deemed to be circular : user.specimens
[DEBUG] 2021-02-28 15:06:57.136 [http-nio-8080-exec-3] MetamodelGraphWalker - Visiting attribute path : user.username
[DEBUG] 2021-02-28 15:06:57.136 [http-nio-8080-exec-3] FetchStyleLoadPlanBuildingAssociationVisitationStrategy - Building LoadPlan...
[DEBUG] 2021-02-28 15:06:57.137 [http-nio-8080-exec-3] LoadQueryJoinAndFetchProcessor - processing queryspace <gen:0>
[DEBUG] 2021-02-28 15:06:57.137 [http-nio-8080-exec-3] LoadPlanTreePrinter - LoadPlan(entity=bugnet.entity.Specimen)
    - Returns
       - EntityReturnImpl(entity=bugnet.entity.Specimen, querySpaceUid=<gen:0>, path=bugnet.entity.Specimen)
          - EntityAttributeFetchImpl(entity=bugnet.entity.User, querySpaceUid=<gen:1>, path=bugnet.entity.Specimen.user)
    - QuerySpaces
       - EntityQuerySpaceImpl(uid=<gen:0>, entity=bugnet.entity.Specimen)
          - SQL table alias mapping - specimen0_
          - alias suffix - 0_
          - suffixed key columns - {id1_0_0_}
          - JOIN (JoinDefinedByMetadata(user)) : <gen:0> -> <gen:1>
             - EntityQuerySpaceImpl(uid=<gen:1>, entity=bugnet.entity.User)
                - SQL table alias mapping - user1_
                - alias suffix - 1_
                - suffixed key columns - {id1_1_1_}

[DEBUG] 2021-02-28 15:06:57.138 [http-nio-8080-exec-3] EntityLoader - Static select for entity bugnet.entity.Specimen [READ]: select specimen0_.id as id1_0_0_, specimen0_.determination as determin2_0_0_, specimen0_.notes as notes3_0_0_, specimen0_.date as date4_0_0_, specimen0_.location as location5_0_0_, specimen0_.user_id as user_id6_0_0_, user1_.id as id1_1_1_, user1_.password as password2_1_1_, user1_.username as username3_1_1_ from specimen specimen0_ left outer join user user1_ on specimen0_.user_id=user1_.id where specimen0_.id=?
[DEBUG] 2021-02-28 15:06:57.158 [http-nio-8080-exec-3] Loader - Static select for action ACTION_MERGE on entity bugnet.entity.Specimen: select specimen0_.id as id1_0_0_, specimen0_.determination as determin2_0_0_, specimen0_.notes as notes3_0_0_, specimen0_.date as date4_0_0_, specimen0_.location as location5_0_0_, specimen0_.user_id as user_id6_0_0_ from specimen specimen0_ where specimen0_.id=?
[DEBUG] 2021-02-28 15:06:57.158 [http-nio-8080-exec-3] Loader - Static select for action ACTION_REFRESH on entity bugnet.entity.Specimen: select specimen0_.id as id1_0_0_, specimen0_.determination as determin2_0_0_, specimen0_.notes as notes3_0_0_, specimen0_.date as date4_0_0_, specimen0_.location as location5_0_0_, specimen0_.user_id as user_id6_0_0_ from specimen specimen0_ where specimen0_.id=?
[DEBUG] 2021-02-28 15:06:57.158 [http-nio-8080-exec-3] AbstractEntityPersister - Static SQL for entity: bugnet.entity.User
[DEBUG] 2021-02-28 15:06:57.158 [http-nio-8080-exec-3] AbstractEntityPersister -  Version select: select id from user where id =?
[DEBUG] 2021-02-28 15:06:57.158 [http-nio-8080-exec-3] AbstractEntityPersister -  Snapshot select: select user_.id, user_.password as password2_1_, user_.username as username3_1_ from user user_ where user_.id=?
[DEBUG] 2021-02-28 15:06:57.158 [http-nio-8080-exec-3] AbstractEntityPersister -  Insert 0: insert into user (password, username, id) values (?, ?, ?)
[DEBUG] 2021-02-28 15:06:57.159 [http-nio-8080-exec-3] AbstractEntityPersister -  Update 0: update user set password=?, username=? where id=?
[DEBUG] 2021-02-28 15:06:57.159 [http-nio-8080-exec-3] AbstractEntityPersister -  Delete 0: delete from user where id=?
[DEBUG] 2021-02-28 15:06:57.159 [http-nio-8080-exec-3] AbstractEntityPersister -  Identity insert: insert into user (password, username) values (?, ?)
[DEBUG] 2021-02-28 15:06:57.159 [http-nio-8080-exec-3] QuerySpacesImpl - Adding QuerySpace : uid = <gen:0> -> org.hibernate.loader.plan.build.internal.spaces.EntityQuerySpaceImpl@497043c9]
[DEBUG] 2021-02-28 15:06:57.159 [http-nio-8080-exec-3] MetamodelGraphWalker - Visiting attribute path : password
[DEBUG] 2021-02-28 15:06:57.159 [http-nio-8080-exec-3] MetamodelGraphWalker - Visiting attribute path : specimens
[DEBUG] 2021-02-28 15:06:57.160 [http-nio-8080-exec-3] QuerySpacesImpl - Adding QuerySpace : uid = <gen:1> -> org.hibernate.loader.plan.build.internal.spaces.CollectionQuerySpaceImpl@1547ca7]
[DEBUG] 2021-02-28 15:06:57.166 [http-nio-8080-exec-3] QuerySpacesImpl - Adding QuerySpace : uid = <gen:2> -> org.hibernate.loader.plan.build.internal.spaces.EntityQuerySpaceImpl@181a30da]
[DEBUG] 2021-02-28 15:06:57.168 [http-nio-8080-exec-3] MetamodelGraphWalker - Visiting attribute path : specimens.bugName
[DEBUG] 2021-02-28 15:06:57.168 [http-nio-8080-exec-3] MetamodelGraphWalker - Visiting attribute path : specimens.bugNotes
[DEBUG] 2021-02-28 15:06:57.168 [http-nio-8080-exec-3] MetamodelGraphWalker - Visiting attribute path : specimens.collectedDate
[DEBUG] 2021-02-28 15:06:57.168 [http-nio-8080-exec-3] MetamodelGraphWalker - Visiting attribute path : specimens.collectedLocation
[DEBUG] 2021-02-28 15:06:57.168 [http-nio-8080-exec-3] MetamodelGraphWalker - Visiting attribute path : specimens.user
[DEBUG] 2021-02-28 15:06:57.168 [http-nio-8080-exec-3] MetamodelGraphWalker - Property path deemed to be circular : specimens.user
[DEBUG] 2021-02-28 15:06:57.169 [http-nio-8080-exec-3] MetamodelGraphWalker - Visiting attribute path : username
[DEBUG] 2021-02-28 15:06:57.169 [http-nio-8080-exec-3] FetchStyleLoadPlanBuildingAssociationVisitationStrategy - Building LoadPlan...
[DEBUG] 2021-02-28 15:06:57.169 [http-nio-8080-exec-3] LoadQueryJoinAndFetchProcessor - processing queryspace <gen:0>
[DEBUG] 2021-02-28 15:06:57.174 [http-nio-8080-exec-3] LoadPlanTreePrinter - LoadPlan(entity=bugnet.entity.User)
    - Returns
       - EntityReturnImpl(entity=bugnet.entity.User, querySpaceUid=<gen:0>, path=bugnet.entity.User)
          - CollectionAttributeFetchImpl(collection=bugnet.entity.User.specimens, querySpaceUid=<gen:1>, path=bugnet.entity.User.specimens)
             - (collection element) CollectionFetchableElementEntityGraph(entity=bugnet.entity.Specimen, querySpaceUid=<gen:2>, path=bugnet.entity.User.specimens.<elements>)
    - QuerySpaces
       - EntityQuerySpaceImpl(uid=<gen:0>, entity=bugnet.entity.User)
          - SQL table alias mapping - user0_
          - alias suffix - 0_
          - suffixed key columns - {id1_1_0_}
          - JOIN (JoinDefinedByMetadata(specimens)) : <gen:0> -> <gen:1>
             - CollectionQuerySpaceImpl(uid=<gen:1>, collection=bugnet.entity.User.specimens)
                - SQL table alias mapping - specimens1_
                - alias suffix - 1_
                - suffixed key columns - {user_id6_0_1_}
                - entity-element alias suffix - 2_
                - 2_entity-element suffixed key columns - id1_0_2_
                - JOIN (JoinDefinedByMetadata(elements)) : <gen:1> -> <gen:2>
                   - EntityQuerySpaceImpl(uid=<gen:2>, entity=bugnet.entity.Specimen)
                      - SQL table alias mapping - specimens1_
                      - alias suffix - 2_
                      - suffixed key columns - {id1_0_2_}

[DEBUG] 2021-02-28 15:06:57.174 [http-nio-8080-exec-3] EntityLoader - Static select for entity bugnet.entity.User [NONE]: select user0_.id as id1_1_0_, user0_.password as password2_1_0_, user0_.username as username3_1_0_, specimens1_.user_id as user_id6_0_1_, specimens1_.id as id1_0_1_, specimens1_.id as id1_0_2_, specimens1_.determination as determin2_0_2_, specimens1_.notes as notes3_0_2_, specimens1_.date as date4_0_2_, specimens1_.location as location5_0_2_, specimens1_.user_id as user_id6_0_2_ from user user0_ left outer join specimen specimens1_ on user0_.id=specimens1_.user_id where user0_.id=?
[DEBUG] 2021-02-28 15:06:57.174 [http-nio-8080-exec-3] QuerySpacesImpl - Adding QuerySpace : uid = <gen:0> -> org.hibernate.loader.plan.build.internal.spaces.EntityQuerySpaceImpl@55879a8e]
[DEBUG] 2021-02-28 15:06:57.175 [http-nio-8080-exec-3] MetamodelGraphWalker - Visiting attribute path : password
[DEBUG] 2021-02-28 15:06:57.175 [http-nio-8080-exec-3] MetamodelGraphWalker - Visiting attribute path : specimens
[DEBUG] 2021-02-28 15:06:57.175 [http-nio-8080-exec-3] QuerySpacesImpl - Adding QuerySpace : uid = <gen:1> -> org.hibernate.loader.plan.build.internal.spaces.CollectionQuerySpaceImpl@7a1bcfac]
[DEBUG] 2021-02-28 15:06:57.175 [http-nio-8080-exec-3] QuerySpacesImpl - Adding QuerySpace : uid = <gen:2> -> org.hibernate.loader.plan.build.internal.spaces.EntityQuerySpaceImpl@560da6cf]
[DEBUG] 2021-02-28 15:06:57.175 [http-nio-8080-exec-3] MetamodelGraphWalker - Visiting attribute path : specimens.bugName
[DEBUG] 2021-02-28 15:06:57.175 [http-nio-8080-exec-3] MetamodelGraphWalker - Visiting attribute path : specimens.bugNotes
[DEBUG] 2021-02-28 15:06:57.175 [http-nio-8080-exec-3] MetamodelGraphWalker - Visiting attribute path : specimens.collectedDate
[DEBUG] 2021-02-28 15:06:57.176 [http-nio-8080-exec-3] MetamodelGraphWalker - Visiting attribute path : specimens.collectedLocation
[DEBUG] 2021-02-28 15:06:57.176 [http-nio-8080-exec-3] MetamodelGraphWalker - Visiting attribute path : specimens.user
[DEBUG] 2021-02-28 15:06:57.176 [http-nio-8080-exec-3] MetamodelGraphWalker - Property path deemed to be circular : specimens.user
[DEBUG] 2021-02-28 15:06:57.176 [http-nio-8080-exec-3] MetamodelGraphWalker - Visiting attribute path : username
[DEBUG] 2021-02-28 15:06:57.176 [http-nio-8080-exec-3] FetchStyleLoadPlanBuildingAssociationVisitationStrategy - Building LoadPlan...
[DEBUG] 2021-02-28 15:06:57.177 [http-nio-8080-exec-3] LoadQueryJoinAndFetchProcessor - processing queryspace <gen:0>
[DEBUG] 2021-02-28 15:06:57.178 [http-nio-8080-exec-3] LoadPlanTreePrinter - LoadPlan(entity=bugnet.entity.User)
    - Returns
       - EntityReturnImpl(entity=bugnet.entity.User, querySpaceUid=<gen:0>, path=bugnet.entity.User)
          - CollectionAttributeFetchImpl(collection=bugnet.entity.User.specimens, querySpaceUid=<gen:1>, path=bugnet.entity.User.specimens)
             - (collection element) CollectionFetchableElementEntityGraph(entity=bugnet.entity.Specimen, querySpaceUid=<gen:2>, path=bugnet.entity.User.specimens.<elements>)
    - QuerySpaces
       - EntityQuerySpaceImpl(uid=<gen:0>, entity=bugnet.entity.User)
          - SQL table alias mapping - user0_
          - alias suffix - 0_
          - suffixed key columns - {id1_1_0_}
          - JOIN (JoinDefinedByMetadata(specimens)) : <gen:0> -> <gen:1>
             - CollectionQuerySpaceImpl(uid=<gen:1>, collection=bugnet.entity.User.specimens)
                - SQL table alias mapping - specimens1_
                - alias suffix - 1_
                - suffixed key columns - {user_id6_0_1_}
                - entity-element alias suffix - 2_
                - 2_entity-element suffixed key columns - id1_0_2_
                - JOIN (JoinDefinedByMetadata(elements)) : <gen:1> -> <gen:2>
                   - EntityQuerySpaceImpl(uid=<gen:2>, entity=bugnet.entity.Specimen)
                      - SQL table alias mapping - specimens1_
                      - alias suffix - 2_
                      - suffixed key columns - {id1_0_2_}

[DEBUG] 2021-02-28 15:06:57.179 [http-nio-8080-exec-3] EntityLoader - Static select for entity bugnet.entity.User [READ]: select user0_.id as id1_1_0_, user0_.password as password2_1_0_, user0_.username as username3_1_0_, specimens1_.user_id as user_id6_0_1_, specimens1_.id as id1_0_1_, specimens1_.id as id1_0_2_, specimens1_.determination as determin2_0_2_, specimens1_.notes as notes3_0_2_, specimens1_.date as date4_0_2_, specimens1_.location as location5_0_2_, specimens1_.user_id as user_id6_0_2_ from user user0_ left outer join specimen specimens1_ on user0_.id=specimens1_.user_id where user0_.id=?
[DEBUG] 2021-02-28 15:06:57.180 [http-nio-8080-exec-3] Loader - Static select for action ACTION_MERGE on entity bugnet.entity.User: select user0_.id as id1_1_1_, user0_.password as password2_1_1_, user0_.username as username3_1_1_, specimens1_.user_id as user_id6_0_3_, specimens1_.id as id1_0_3_, specimens1_.id as id1_0_0_, specimens1_.determination as determin2_0_0_, specimens1_.notes as notes3_0_0_, specimens1_.date as date4_0_0_, specimens1_.location as location5_0_0_, specimens1_.user_id as user_id6_0_0_ from user user0_ left outer join specimen specimens1_ on user0_.id=specimens1_.user_id where user0_.id=?
[DEBUG] 2021-02-28 15:06:57.180 [http-nio-8080-exec-3] Loader - Static select for action ACTION_REFRESH on entity bugnet.entity.User: select user0_.id as id1_1_1_, user0_.password as password2_1_1_, user0_.username as username3_1_1_, specimens1_.user_id as user_id6_0_3_, specimens1_.id as id1_0_3_, specimens1_.id as id1_0_0_, specimens1_.determination as determin2_0_0_, specimens1_.notes as notes3_0_0_, specimens1_.date as date4_0_0_, specimens1_.location as location5_0_0_, specimens1_.user_id as user_id6_0_0_ from user user0_ left outer join specimen specimens1_ on user0_.id=specimens1_.user_id where user0_.id=?
[DEBUG] 2021-02-28 15:06:57.185 [http-nio-8080-exec-3] QuerySpacesImpl - Adding QuerySpace : uid = <gen:0> -> org.hibernate.loader.plan.build.internal.spaces.CollectionQuerySpaceImpl@6df5b0a2]
[DEBUG] 2021-02-28 15:06:57.185 [http-nio-8080-exec-3] QuerySpacesImpl - Adding QuerySpace : uid = <gen:1> -> org.hibernate.loader.plan.build.internal.spaces.EntityQuerySpaceImpl@739cbd5b]
[DEBUG] 2021-02-28 15:06:57.185 [http-nio-8080-exec-3] MetamodelGraphWalker - Visiting attribute path : bugName
[DEBUG] 2021-02-28 15:06:57.186 [http-nio-8080-exec-3] MetamodelGraphWalker - Visiting attribute path : bugNotes
[DEBUG] 2021-02-28 15:06:57.186 [http-nio-8080-exec-3] MetamodelGraphWalker - Visiting attribute path : collectedDate
[DEBUG] 2021-02-28 15:06:57.186 [http-nio-8080-exec-3] MetamodelGraphWalker - Visiting attribute path : collectedLocation
[DEBUG] 2021-02-28 15:06:57.186 [http-nio-8080-exec-3] MetamodelGraphWalker - Visiting attribute path : user
[DEBUG] 2021-02-28 15:06:57.186 [http-nio-8080-exec-3] MetamodelGraphWalker - Property path deemed to be circular : user
[DEBUG] 2021-02-28 15:06:57.187 [http-nio-8080-exec-3] FetchStyleLoadPlanBuildingAssociationVisitationStrategy - Building LoadPlan...
[DEBUG] 2021-02-28 15:06:57.191 [http-nio-8080-exec-3] LoadQueryJoinAndFetchProcessor - processing queryspace <gen:0>
[DEBUG] 2021-02-28 15:06:57.191 [http-nio-8080-exec-3] LoadPlanTreePrinter - LoadPlan(collection=bugnet.entity.User.specimens)
    - Returns
       - CollectionReturnImpl(collection=bugnet.entity.User.specimens, querySpaceUid=<gen:0>, path=[bugnet.entity.User.specimens])
          - (collection element) CollectionFetchableElementEntityGraph(entity=bugnet.entity.Specimen, querySpaceUid=<gen:1>, path=[bugnet.entity.User.specimens].<elements>)
    - QuerySpaces
       - CollectionQuerySpaceImpl(uid=<gen:0>, collection=bugnet.entity.User.specimens)
          - SQL table alias mapping - specimens0_
          - alias suffix - 0_
          - suffixed key columns - {user_id6_0_0_}
          - entity-element alias suffix - 1_
          - 1_entity-element suffixed key columns - id1_0_1_
          - JOIN (JoinDefinedByMetadata(elements)) : <gen:0> -> <gen:1>
             - EntityQuerySpaceImpl(uid=<gen:1>, entity=bugnet.entity.Specimen)
                - SQL table alias mapping - specimens0_
                - alias suffix - 1_
                - suffixed key columns - {id1_0_1_}

[DEBUG] 2021-02-28 15:06:57.196 [http-nio-8080-exec-3] CollectionLoader - Static select for collection bugnet.entity.User.specimens: select specimens0_.user_id as user_id6_0_0_, specimens0_.id as id1_0_0_, specimens0_.id as id1_0_1_, specimens0_.determination as determin2_0_1_, specimens0_.notes as notes3_0_1_, specimens0_.date as date4_0_1_, specimens0_.location as location5_0_1_, specimens0_.user_id as user_id6_0_1_ from specimen specimens0_ where specimens0_.user_id=?
[DEBUG] 2021-02-28 15:06:57.303 [http-nio-8080-exec-3] SchemaManagementToolCoordinator - No actions specified; doing nothing
[DEBUG] 2021-02-28 15:06:57.303 [http-nio-8080-exec-3] JtaPlatformInitiator - No JtaPlatform was specified, checking resolver
[DEBUG] 2021-02-28 15:06:57.305 [http-nio-8080-exec-3] JtaPlatformResolverInitiator - No JtaPlatformResolver was specified, using default [org.hibernate.engine.transaction.jta.platform.internal.StandardJtaPlatformResolver]
[DEBUG] 2021-02-28 15:06:57.328 [http-nio-8080-exec-3] StandardJtaPlatformResolver - Could not resolve JtaPlatform, using default [org.hibernate.engine.transaction.jta.platform.internal.NoJtaPlatform]
[INFO ] 2021-02-28 15:06:57.328 [http-nio-8080-exec-3] JtaPlatformInitiator - HHH000490: Using JtaPlatform implementation: [org.hibernate.engine.transaction.jta.platform.internal.NoJtaPlatform]
[DEBUG] 2021-02-28 15:06:57.335 [http-nio-8080-exec-3] NamedQueryRepository - Checking 0 named HQL queries
[DEBUG] 2021-02-28 15:06:57.335 [http-nio-8080-exec-3] NamedQueryRepository - Checking 0 named SQL queries
[DEBUG] 2021-02-28 15:06:57.338 [http-nio-8080-exec-3] SessionFactoryRegistry - Initializing SessionFactoryRegistry : org.hibernate.internal.SessionFactoryRegistry@d181074
[DEBUG] 2021-02-28 15:06:57.344 [http-nio-8080-exec-3] SessionFactoryRegistry - Registering SessionFactory: 12d18365-d46f-4180-88c9-0b6237fd96d3 (<unnamed>)
[DEBUG] 2021-02-28 15:06:57.344 [http-nio-8080-exec-3] SessionFactoryRegistry - Not binding SessionFactory to JNDI, no JNDI name configured
[DEBUG] 2021-02-28 15:06:57.572 [http-nio-8080-exec-3] StatisticsInitiator - Statistics initialized [enabled=false]
[DEBUG] 2021-02-28 15:06:57.616 [http-nio-8080-exec-3] CriteriaQueryImpl - Rendered criteria query -> select generatedAlias0 from User as generatedAlias0
[DEBUG] 2021-02-28 15:06:57.648 [http-nio-8080-exec-3] QueryTranslatorFactoryInitiator - QueryTranslatorFactory: org.hibernate.hql.internal.ast.ASTQueryTranslatorFactory@4b0b1d56
[DEBUG] 2021-02-28 15:06:57.724 [http-nio-8080-exec-3] QueryTranslatorImpl - parse() - HQL: select generatedAlias0 from bugnet.entity.User as generatedAlias0
[DEBUG] 2021-02-28 15:06:57.731 [http-nio-8080-exec-3] ErrorTracker - throwQueryException() : no errors
[DEBUG] 2021-02-28 15:06:57.745 [http-nio-8080-exec-3] QueryTranslatorImpl - --- HQL AST ---
 \-[QUERY] Node: 'query'
    \-[SELECT_FROM] Node: 'SELECT_FROM'
       +-[FROM] Node: 'from'
       |  \-[RANGE] Node: 'RANGE'
       |     +-[DOT] Node: '.'
       |     |  +-[DOT] Node: '.'
       |     |  |  +-[IDENT] Node: 'bugnet'
       |     |  |  \-[IDENT] Node: 'entity'
       |     |  \-[IDENT] Node: 'User'
       |     \-[ALIAS] Node: 'generatedAlias0'
       \-[SELECT] Node: 'select'
          \-[IDENT] Node: 'generatedAlias0'

[DEBUG] 2021-02-28 15:06:57.775 [http-nio-8080-exec-3] HqlSqlBaseWalker - select << begin [level=1, statement=select]
[DEBUG] 2021-02-28 15:06:57.797 [http-nio-8080-exec-3] FromElement - FromClause{level=1} : bugnet.entity.User (generatedAlias0) -> user0_
[DEBUG] 2021-02-28 15:06:57.798 [http-nio-8080-exec-3] FromReferenceNode - Resolved : generatedAlias0 -> user0_.id
[DEBUG] 2021-02-28 15:06:57.800 [http-nio-8080-exec-3] HqlSqlBaseWalker - select : finishing up [level=1, statement=select]
[DEBUG] 2021-02-28 15:06:57.800 [http-nio-8080-exec-3] HqlSqlWalker - processQuery() :  ( SELECT ( {select clause} user0_.id ) ( FromClause{level=1} user user0_ ) )
[DEBUG] 2021-02-28 15:06:57.813 [http-nio-8080-exec-3] JoinProcessor - Using FROM fragment [user user0_]
[DEBUG] 2021-02-28 15:06:57.813 [http-nio-8080-exec-3] HqlSqlBaseWalker - select >> end [level=1, statement=select]
[DEBUG] 2021-02-28 15:06:57.813 [http-nio-8080-exec-3] QueryTranslatorImpl - --- SQL AST ---
 \-[SELECT] QueryNode: 'SELECT'  querySpaces (user)
    +-[SELECT_CLAUSE] SelectClause: '{select clause}'
    |  +-[ALIAS_REF] IdentNode: 'user0_.id as id1_1_' {alias=generatedAlias0, className=bugnet.entity.User, tableAlias=user0_}
    |  \-[SQL_TOKEN] SqlFragment: 'user0_.password as password2_1_, user0_.username as username3_1_'
    \-[FROM] FromClause: 'from' FromClause{level=1, fromElementCounter=1, fromElements=1, fromElementByClassAlias=[generatedAlias0], fromElementByTableAlias=[user0_], fromElementsByPath=[], collectionJoinFromElementsByPath=[], impliedElements=[]}
       \-[FROM_FRAGMENT] FromElement: 'user user0_' FromElement{explicit,not a collection join,not a fetch join,fetch non-lazy properties,classAlias=generatedAlias0,role=null,tableName=user,tableAlias=user0_,origin=null,columns={,className=bugnet.entity.User}}

[DEBUG] 2021-02-28 15:06:57.813 [http-nio-8080-exec-3] ErrorTracker - throwQueryException() : no errors
[DEBUG] 2021-02-28 15:06:57.823 [http-nio-8080-exec-3] QueryTranslatorImpl - HQL: select generatedAlias0 from bugnet.entity.User as generatedAlias0
[DEBUG] 2021-02-28 15:06:57.823 [http-nio-8080-exec-3] QueryTranslatorImpl - SQL: select user0_.id as id1_1_, user0_.password as password2_1_, user0_.username as username3_1_ from user user0_
[DEBUG] 2021-02-28 15:06:57.823 [http-nio-8080-exec-3] ErrorTracker - throwQueryException() : no errors
[DEBUG] 2021-02-28 15:06:57.876 [http-nio-8080-exec-3] SQL - select user0_.id as id1_1_, user0_.password as password2_1_, user0_.username as username3_1_ from user user0_
[DEBUG] 2021-02-28 15:06:57.959 [http-nio-8080-exec-3] Loader - Result set row: 0
[DEBUG] 2021-02-28 15:06:57.963 [http-nio-8080-exec-3] Loader - Result row: EntityKey[bugnet.entity.User#1]
[DEBUG] 2021-02-28 15:06:57.991 [http-nio-8080-exec-3] Loader - Result set row: 1
[DEBUG] 2021-02-28 15:06:57.991 [http-nio-8080-exec-3] Loader - Result row: EntityKey[bugnet.entity.User#2]
[DEBUG] 2021-02-28 15:06:57.994 [http-nio-8080-exec-3] TwoPhaseLoad - Resolving attributes for [bugnet.entity.User#1]
[DEBUG] 2021-02-28 15:06:57.994 [http-nio-8080-exec-3] TwoPhaseLoad - Processing attribute `password` : value = password
[DEBUG] 2021-02-28 15:06:57.998 [http-nio-8080-exec-3] TwoPhaseLoad - Attribute (`password`)  - enhanced for lazy-loading? - false
[DEBUG] 2021-02-28 15:06:57.998 [http-nio-8080-exec-3] TwoPhaseLoad - Processing attribute `specimens` : value = NOT NULL COLLECTION
[DEBUG] 2021-02-28 15:06:57.998 [http-nio-8080-exec-3] TwoPhaseLoad - Attribute (`specimens`)  - enhanced for lazy-loading? - false
[DEBUG] 2021-02-28 15:06:58.023 [http-nio-8080-exec-3] TwoPhaseLoad - Processing attribute `username` : value = testuser
[DEBUG] 2021-02-28 15:06:58.023 [http-nio-8080-exec-3] TwoPhaseLoad - Attribute (`username`)  - enhanced for lazy-loading? - false
[DEBUG] 2021-02-28 15:06:58.024 [http-nio-8080-exec-3] TwoPhaseLoad - Done materializing entity [bugnet.entity.User#1]
[DEBUG] 2021-02-28 15:06:58.024 [http-nio-8080-exec-3] TwoPhaseLoad - Resolving attributes for [bugnet.entity.User#2]
[DEBUG] 2021-02-28 15:06:58.024 [http-nio-8080-exec-3] TwoPhaseLoad - Processing attribute `password` : value = aaaaaaaa
[DEBUG] 2021-02-28 15:06:58.024 [http-nio-8080-exec-3] TwoPhaseLoad - Attribute (`password`)  - enhanced for lazy-loading? - false
[DEBUG] 2021-02-28 15:06:58.024 [http-nio-8080-exec-3] TwoPhaseLoad - Processing attribute `specimens` : value = NOT NULL COLLECTION
[DEBUG] 2021-02-28 15:06:58.024 [http-nio-8080-exec-3] TwoPhaseLoad - Attribute (`specimens`)  - enhanced for lazy-loading? - false
[DEBUG] 2021-02-28 15:06:58.024 [http-nio-8080-exec-3] TwoPhaseLoad - Processing attribute `username` : value = anotheruser
[DEBUG] 2021-02-28 15:06:58.024 [http-nio-8080-exec-3] TwoPhaseLoad - Attribute (`username`)  - enhanced for lazy-loading? - false
[DEBUG] 2021-02-28 15:06:58.024 [http-nio-8080-exec-3] TwoPhaseLoad - Done materializing entity [bugnet.entity.User#2]
[DEBUG] 2021-02-28 15:06:58.031 [http-nio-8080-exec-3] AbstractLoadPlanBasedCollectionInitializer - Loading collection: [bugnet.entity.User.specimens#2]
[DEBUG] 2021-02-28 15:06:58.032 [http-nio-8080-exec-3] SQL - select specimens0_.user_id as user_id6_0_0_, specimens0_.id as id1_0_0_, specimens0_.id as id1_0_1_, specimens0_.determination as determin2_0_1_, specimens0_.notes as notes3_0_1_, specimens0_.date as date4_0_1_, specimens0_.location as location5_0_1_, specimens0_.user_id as user_id6_0_1_ from specimen specimens0_ where specimens0_.user_id=?
[DEBUG] 2021-02-28 15:06:58.041 [http-nio-8080-exec-3] ResultSetProcessorImpl - Preparing collection initializer : [bugnet.entity.User.specimens#2]
[DEBUG] 2021-02-28 15:06:58.049 [http-nio-8080-exec-3] CollectionLoadContext - 1 collections were found in result set for role: bugnet.entity.User.specimens
[DEBUG] 2021-02-28 15:06:58.049 [http-nio-8080-exec-3] CollectionLoadContext - Collection fully initialized: [bugnet.entity.User.specimens#2]
[DEBUG] 2021-02-28 15:06:58.049 [http-nio-8080-exec-3] CollectionLoadContext - 1 collections initialized for role: bugnet.entity.User.specimens
[DEBUG] 2021-02-28 15:06:58.049 [http-nio-8080-exec-3] ResourceRegistryStandardImpl - HHH000387: ResultSet's statement was not registered
[DEBUG] 2021-02-28 15:06:58.050 [http-nio-8080-exec-3] AbstractLoadPlanBasedCollectionInitializer - Done loading collection
[DEBUG] 2021-02-28 15:06:58.050 [http-nio-8080-exec-3] AbstractLoadPlanBasedCollectionInitializer - Loading collection: [bugnet.entity.User.specimens#1]
[DEBUG] 2021-02-28 15:06:58.050 [http-nio-8080-exec-3] SQL - select specimens0_.user_id as user_id6_0_0_, specimens0_.id as id1_0_0_, specimens0_.id as id1_0_1_, specimens0_.determination as determin2_0_1_, specimens0_.notes as notes3_0_1_, specimens0_.date as date4_0_1_, specimens0_.location as location5_0_1_, specimens0_.user_id as user_id6_0_1_ from specimen specimens0_ where specimens0_.user_id=?
[DEBUG] 2021-02-28 15:06:58.056 [http-nio-8080-exec-3] ResultSetProcessorImpl - Preparing collection initializer : [bugnet.entity.User.specimens#1]
[DEBUG] 2021-02-28 15:06:58.057 [http-nio-8080-exec-3] CollectionLoadContext - 1 collections were found in result set for role: bugnet.entity.User.specimens
[DEBUG] 2021-02-28 15:06:58.057 [http-nio-8080-exec-3] CollectionLoadContext - Collection fully initialized: [bugnet.entity.User.specimens#1]
[DEBUG] 2021-02-28 15:06:58.057 [http-nio-8080-exec-3] CollectionLoadContext - 1 collections initialized for role: bugnet.entity.User.specimens
[DEBUG] 2021-02-28 15:06:58.057 [http-nio-8080-exec-3] ResourceRegistryStandardImpl - HHH000387: ResultSet's statement was not registered
[DEBUG] 2021-02-28 15:06:58.057 [http-nio-8080-exec-3] AbstractLoadPlanBasedCollectionInitializer - Done loading collection
[DEBUG] 2021-02-28 15:06:58.061 [http-nio-8080-exec-3] LogicalConnectionManagedImpl - Initiating JDBC connection release from afterTransaction
